10-Apr-2020 11:38:17.634 情報 [main] org.apache.catalina.startup.VersionLoggerListener.log Serverのバージョン名：Apache Tomcat/9.0.34
10-Apr-2020 11:38:17.643 情報 [main] org.apache.catalina.startup.VersionLoggerListener.log Server ビルド:          Apr 3 2020 12:02:52 UTC
10-Apr-2020 11:38:17.643 情報 [main] org.apache.catalina.startup.VersionLoggerListener.log サーバーのバージョン番号：9.0.34.0
10-Apr-2020 11:38:17.643 情報 [main] org.apache.catalina.startup.VersionLoggerListener.log OS 名:               Mac OS X
10-Apr-2020 11:38:17.647 情報 [main] org.apache.catalina.startup.VersionLoggerListener.log OS バージョン:            10.14.5
10-Apr-2020 11:38:17.648 情報 [main] org.apache.catalina.startup.VersionLoggerListener.log アーキテクチャ:          x86_64
10-Apr-2020 11:38:17.648 情報 [main] org.apache.catalina.startup.VersionLoggerListener.log Java Home:             /Library/Java/JavaVirtualMachines/jdk-14.jdk/Contents/Home
10-Apr-2020 11:38:17.648 情報 [main] org.apache.catalina.startup.VersionLoggerListener.log JVM バージョン:           14+36-1461
10-Apr-2020 11:38:17.648 情報 [main] org.apache.catalina.startup.VersionLoggerListener.log JVM ベンダ：            Oracle Corporation
10-Apr-2020 11:38:17.648 情報 [main] org.apache.catalina.startup.VersionLoggerListener.log CATALINA_BASE:         /Users/nanami773/Desktop/apache-tomcat-9.0.34
10-Apr-2020 11:38:17.649 情報 [main] org.apache.catalina.startup.VersionLoggerListener.log CATALINA_HOME:         /Users/nanami773/Desktop/apache-tomcat-9.0.34
10-Apr-2020 11:38:17.714 情報 [main] org.apache.catalina.startup.VersionLoggerListener.log コマンドライン引数：--add-opens=java.base/java.lang=ALL-UNNAMED
10-Apr-2020 11:38:17.714 情報 [main] org.apache.catalina.startup.VersionLoggerListener.log コマンドライン引数：--add-opens=java.base/java.io=ALL-UNNAMED
10-Apr-2020 11:38:17.715 情報 [main] org.apache.catalina.startup.VersionLoggerListener.log コマンドライン引数：--add-opens=java.rmi/sun.rmi.transport=ALL-UNNAMED
10-Apr-2020 11:38:17.715 情報 [main] org.apache.catalina.startup.VersionLoggerListener.log コマンドライン引数：-Djava.util.logging.config.file=/Users/nanami773/Desktop/apache-tomcat-9.0.34/conf/logging.properties
10-Apr-2020 11:38:17.715 情報 [main] org.apache.catalina.startup.VersionLoggerListener.log コマンドライン引数：-Djava.util.logging.manager=org.apache.juli.ClassLoaderLogManager
10-Apr-2020 11:38:17.716 情報 [main] org.apache.catalina.startup.VersionLoggerListener.log コマンドライン引数：-Djdk.tls.ephemeralDHKeySize=2048
10-Apr-2020 11:38:17.716 情報 [main] org.apache.catalina.startup.VersionLoggerListener.log コマンドライン引数：-Djava.protocol.handler.pkgs=org.apache.catalina.webresources
10-Apr-2020 11:38:17.716 情報 [main] org.apache.catalina.startup.VersionLoggerListener.log コマンドライン引数：-Dorg.apache.catalina.security.SecurityListener.UMASK=0027
10-Apr-2020 11:38:17.716 情報 [main] org.apache.catalina.startup.VersionLoggerListener.log コマンドライン引数：-Dignore.endorsed.dirs=
10-Apr-2020 11:38:17.717 情報 [main] org.apache.catalina.startup.VersionLoggerListener.log コマンドライン引数：-Dcatalina.base=/Users/nanami773/Desktop/apache-tomcat-9.0.34
10-Apr-2020 11:38:17.717 情報 [main] org.apache.catalina.startup.VersionLoggerListener.log コマンドライン引数：-Dcatalina.home=/Users/nanami773/Desktop/apache-tomcat-9.0.34
10-Apr-2020 11:38:17.717 情報 [main] org.apache.catalina.startup.VersionLoggerListener.log コマンドライン引数：-Djava.io.tmpdir=/Users/nanami773/Desktop/apache-tomcat-9.0.34/temp
10-Apr-2020 11:38:17.717 情報 [main] org.apache.catalina.core.AprLifecycleListener.lifecycleEvent 商用環境に最適な性能を発揮する APR ベースの Tomcat ネイティブライブラリが java.library.path [/Users/nanami773/Library/Java/Extensions:/Library/Java/Extensions:/Network/Library/Java/Extensions:/System/Library/Java/Extensions:/usr/lib/java:.] に存在しません。
10-Apr-2020 11:38:18.192 情報 [main] org.apache.coyote.AbstractProtocol.init プロトコルハンドラ ["http-nio-8080"] を初期化します。
10-Apr-2020 11:38:18.283 情報 [main] org.apache.catalina.startup.Catalina.load サーバーの初期化 [1,085]ms
10-Apr-2020 11:38:18.374 情報 [main] org.apache.catalina.core.StandardService.startInternal サービス [Catalina] を起動します
10-Apr-2020 11:38:18.374 情報 [main] org.apache.catalina.core.StandardEngine.startInternal サーブレットエンジンの起動：[Apache Tomcat/9.0.34]
10-Apr-2020 11:38:18.386 情報 [main] org.apache.catalina.startup.HostConfig.deployDirectory Webアプリケーションディレクトリ [/Users/nanami773/Desktop/apache-tomcat-9.0.34/webapps/docs] を配備します
10-Apr-2020 11:38:18.808 情報 [main] org.apache.catalina.startup.HostConfig.deployDirectory ディレクトリ [/Users/nanami773/Desktop/apache-tomcat-9.0.34/webapps/docs] の Web アプリケーションの配置は [422] ms で完了しました。
10-Apr-2020 11:38:18.809 情報 [main] org.apache.catalina.startup.HostConfig.deployDirectory Webアプリケーションディレクトリ [/Users/nanami773/Desktop/apache-tomcat-9.0.34/webapps/manager] を配備します
10-Apr-2020 11:38:18.878 情報 [main] org.apache.catalina.startup.HostConfig.deployDirectory ディレクトリ [/Users/nanami773/Desktop/apache-tomcat-9.0.34/webapps/manager] の Web アプリケーションの配置は [68] ms で完了しました。
10-Apr-2020 11:38:18.878 情報 [main] org.apache.catalina.startup.HostConfig.deployDirectory Webアプリケーションディレクトリ [/Users/nanami773/Desktop/apache-tomcat-9.0.34/webapps/examples] を配備します
10-Apr-2020 11:38:19.332 情報 [main] org.apache.catalina.startup.HostConfig.deployDirectory ディレクトリ [/Users/nanami773/Desktop/apache-tomcat-9.0.34/webapps/examples] の Web アプリケーションの配置は [449] ms で完了しました。
10-Apr-2020 11:38:19.333 情報 [main] org.apache.catalina.startup.HostConfig.deployDirectory Webアプリケーションディレクトリ [/Users/nanami773/Desktop/apache-tomcat-9.0.34/webapps/ROOT] を配備します
10-Apr-2020 11:38:19.371 情報 [main] org.apache.catalina.startup.HostConfig.deployDirectory ディレクトリ [/Users/nanami773/Desktop/apache-tomcat-9.0.34/webapps/ROOT] の Web アプリケーションの配置は [39] ms で完了しました。
10-Apr-2020 11:38:19.372 情報 [main] org.apache.catalina.startup.HostConfig.deployDirectory Webアプリケーションディレクトリ [/Users/nanami773/Desktop/apache-tomcat-9.0.34/webapps/host-manager] を配備します
10-Apr-2020 11:38:19.408 情報 [main] org.apache.catalina.startup.HostConfig.deployDirectory ディレクトリ [/Users/nanami773/Desktop/apache-tomcat-9.0.34/webapps/host-manager] の Web アプリケーションの配置は [35] ms で完了しました。
10-Apr-2020 11:38:19.416 情報 [main] org.apache.coyote.AbstractProtocol.start プロトコルハンドラー ["http-nio-8080"] を開始しました。
10-Apr-2020 11:38:19.434 情報 [main] org.apache.catalina.startup.Catalina.start サーバーの起動 [1,150]ms
10-Apr-2020 11:39:21.044 情報 [main] org.apache.catalina.core.StandardServer.await 有効なシャットダウンコマンドがシャットダウンポート経由で受信されました。 サーバーインスタンスを停止します。
10-Apr-2020 11:39:21.044 情報 [main] org.apache.coyote.AbstractProtocol.pause ProtocolHandler ["http-nio-8080"] を一時停止します。
10-Apr-2020 11:39:21.049 情報 [main] org.apache.catalina.core.StandardService.stopInternal サービス [Catalina] を停止します
10-Apr-2020 11:39:21.081 情報 [main] org.apache.coyote.AbstractProtocol.stop ProtocolHandler ["http-nio-8080"]の停止中
10-Apr-2020 11:39:21.085 情報 [main] org.apache.coyote.AbstractProtocol.destroy ProtocolHandler ["http-nio-8080"] を破棄します。
10-Apr-2020 11:40:34.522 情報 [main] org.apache.catalina.startup.VersionLoggerListener.log Serverのバージョン名：Apache Tomcat/9.0.34
10-Apr-2020 11:40:34.528 情報 [main] org.apache.catalina.startup.VersionLoggerListener.log Server ビルド:          Apr 3 2020 12:02:52 UTC
10-Apr-2020 11:40:34.529 情報 [main] org.apache.catalina.startup.VersionLoggerListener.log サーバーのバージョン番号：9.0.34.0
10-Apr-2020 11:40:34.529 情報 [main] org.apache.catalina.startup.VersionLoggerListener.log OS 名:               Mac OS X
10-Apr-2020 11:40:34.529 情報 [main] org.apache.catalina.startup.VersionLoggerListener.log OS バージョン:            10.14.5
10-Apr-2020 11:40:34.530 情報 [main] org.apache.catalina.startup.VersionLoggerListener.log アーキテクチャ:          x86_64
10-Apr-2020 11:40:34.530 情報 [main] org.apache.catalina.startup.VersionLoggerListener.log Java Home:             /Library/Java/JavaVirtualMachines/jdk-14.jdk/Contents/Home
10-Apr-2020 11:40:34.531 情報 [main] org.apache.catalina.startup.VersionLoggerListener.log JVM バージョン:           14+36-1461
10-Apr-2020 11:40:34.531 情報 [main] org.apache.catalina.startup.VersionLoggerListener.log JVM ベンダ：            Oracle Corporation
10-Apr-2020 11:40:34.531 情報 [main] org.apache.catalina.startup.VersionLoggerListener.log CATALINA_BASE:         /Users/nanami773/Desktop/apache-tomcat-9.0.34
10-Apr-2020 11:40:34.531 情報 [main] org.apache.catalina.startup.VersionLoggerListener.log CATALINA_HOME:         /Users/nanami773/Desktop/apache-tomcat-9.0.34
10-Apr-2020 11:40:34.555 情報 [main] org.apache.catalina.startup.VersionLoggerListener.log コマンドライン引数：--add-opens=java.base/java.lang=ALL-UNNAMED
10-Apr-2020 11:40:34.556 情報 [main] org.apache.catalina.startup.VersionLoggerListener.log コマンドライン引数：--add-opens=java.base/java.io=ALL-UNNAMED
10-Apr-2020 11:40:34.556 情報 [main] org.apache.catalina.startup.VersionLoggerListener.log コマンドライン引数：--add-opens=java.rmi/sun.rmi.transport=ALL-UNNAMED
10-Apr-2020 11:40:34.556 情報 [main] org.apache.catalina.startup.VersionLoggerListener.log コマンドライン引数：-Djava.util.logging.config.file=/Users/nanami773/Desktop/apache-tomcat-9.0.34/conf/logging.properties
10-Apr-2020 11:40:34.556 情報 [main] org.apache.catalina.startup.VersionLoggerListener.log コマンドライン引数：-Djava.util.logging.manager=org.apache.juli.ClassLoaderLogManager
10-Apr-2020 11:40:34.557 情報 [main] org.apache.catalina.startup.VersionLoggerListener.log コマンドライン引数：-Djdk.tls.ephemeralDHKeySize=2048
10-Apr-2020 11:40:34.557 情報 [main] org.apache.catalina.startup.VersionLoggerListener.log コマンドライン引数：-Djava.protocol.handler.pkgs=org.apache.catalina.webresources
10-Apr-2020 11:40:34.557 情報 [main] org.apache.catalina.startup.VersionLoggerListener.log コマンドライン引数：-Dorg.apache.catalina.security.SecurityListener.UMASK=0027
10-Apr-2020 11:40:34.557 情報 [main] org.apache.catalina.startup.VersionLoggerListener.log コマンドライン引数：-Dignore.endorsed.dirs=
10-Apr-2020 11:40:34.557 情報 [main] org.apache.catalina.startup.VersionLoggerListener.log コマンドライン引数：-Dcatalina.base=/Users/nanami773/Desktop/apache-tomcat-9.0.34
10-Apr-2020 11:40:34.558 情報 [main] org.apache.catalina.startup.VersionLoggerListener.log コマンドライン引数：-Dcatalina.home=/Users/nanami773/Desktop/apache-tomcat-9.0.34
10-Apr-2020 11:40:34.558 情報 [main] org.apache.catalina.startup.VersionLoggerListener.log コマンドライン引数：-Djava.io.tmpdir=/Users/nanami773/Desktop/apache-tomcat-9.0.34/temp
10-Apr-2020 11:40:34.558 情報 [main] org.apache.catalina.core.AprLifecycleListener.lifecycleEvent 商用環境に最適な性能を発揮する APR ベースの Tomcat ネイティブライブラリが java.library.path [/Users/nanami773/Library/Java/Extensions:/Library/Java/Extensions:/Network/Library/Java/Extensions:/System/Library/Java/Extensions:/usr/lib/java:.] に存在しません。
10-Apr-2020 11:40:34.918 情報 [main] org.apache.coyote.AbstractProtocol.init プロトコルハンドラ ["http-nio-8080"] を初期化します。
10-Apr-2020 11:40:34.994 情報 [main] org.apache.catalina.startup.Catalina.load サーバーの初期化 [813]ms
10-Apr-2020 11:40:35.070 情報 [main] org.apache.catalina.core.StandardService.startInternal サービス [Catalina] を起動します
10-Apr-2020 11:40:35.070 情報 [main] org.apache.catalina.core.StandardEngine.startInternal サーブレットエンジンの起動：[Apache Tomcat/9.0.34]
10-Apr-2020 11:40:35.083 情報 [main] org.apache.catalina.startup.HostConfig.deployDirectory Webアプリケーションディレクトリ [/Users/nanami773/Desktop/apache-tomcat-9.0.34/webapps/docs] を配備します
10-Apr-2020 11:40:35.478 情報 [main] org.apache.catalina.startup.HostConfig.deployDirectory ディレクトリ [/Users/nanami773/Desktop/apache-tomcat-9.0.34/webapps/docs] の Web アプリケーションの配置は [395] ms で完了しました。
10-Apr-2020 11:40:35.479 情報 [main] org.apache.catalina.startup.HostConfig.deployDirectory Webアプリケーションディレクトリ [/Users/nanami773/Desktop/apache-tomcat-9.0.34/webapps/manager] を配備します
10-Apr-2020 11:40:35.545 情報 [main] org.apache.catalina.startup.HostConfig.deployDirectory ディレクトリ [/Users/nanami773/Desktop/apache-tomcat-9.0.34/webapps/manager] の Web アプリケーションの配置は [65] ms で完了しました。
10-Apr-2020 11:40:35.545 情報 [main] org.apache.catalina.startup.HostConfig.deployDirectory Webアプリケーションディレクトリ [/Users/nanami773/Desktop/apache-tomcat-9.0.34/webapps/examples] を配備します
10-Apr-2020 11:40:35.978 情報 [main] org.apache.catalina.startup.HostConfig.deployDirectory ディレクトリ [/Users/nanami773/Desktop/apache-tomcat-9.0.34/webapps/examples] の Web アプリケーションの配置は [433] ms で完了しました。
10-Apr-2020 11:40:35.979 情報 [main] org.apache.catalina.startup.HostConfig.deployDirectory Webアプリケーションディレクトリ [/Users/nanami773/Desktop/apache-tomcat-9.0.34/webapps/ROOT] を配備します
10-Apr-2020 11:40:36.014 情報 [main] org.apache.catalina.startup.HostConfig.deployDirectory ディレクトリ [/Users/nanami773/Desktop/apache-tomcat-9.0.34/webapps/ROOT] の Web アプリケーションの配置は [35] ms で完了しました。
10-Apr-2020 11:40:36.015 情報 [main] org.apache.catalina.startup.HostConfig.deployDirectory Webアプリケーションディレクトリ [/Users/nanami773/Desktop/apache-tomcat-9.0.34/webapps/host-manager] を配備します
10-Apr-2020 11:40:36.057 情報 [main] org.apache.catalina.startup.HostConfig.deployDirectory ディレクトリ [/Users/nanami773/Desktop/apache-tomcat-9.0.34/webapps/host-manager] の Web アプリケーションの配置は [42] ms で完了しました。
10-Apr-2020 11:40:36.063 情報 [main] org.apache.coyote.AbstractProtocol.start プロトコルハンドラー ["http-nio-8080"] を開始しました。
10-Apr-2020 11:40:36.079 情報 [main] org.apache.catalina.startup.Catalina.start サーバーの起動 [1,084]ms
10-Apr-2020 11:41:29.339 情報 [main] org.apache.catalina.core.StandardServer.await 有効なシャットダウンコマンドがシャットダウンポート経由で受信されました。 サーバーインスタンスを停止します。
10-Apr-2020 11:41:29.339 情報 [main] org.apache.coyote.AbstractProtocol.pause ProtocolHandler ["http-nio-8080"] を一時停止します。
10-Apr-2020 11:41:29.346 情報 [main] org.apache.catalina.core.StandardService.stopInternal サービス [Catalina] を停止します
10-Apr-2020 11:41:29.382 情報 [main] org.apache.coyote.AbstractProtocol.stop ProtocolHandler ["http-nio-8080"]の停止中
10-Apr-2020 11:41:29.385 情報 [main] org.apache.coyote.AbstractProtocol.destroy ProtocolHandler ["http-nio-8080"] を破棄します。
10-Apr-2020 11:45:08.590 情報 [main] org.apache.catalina.startup.VersionLoggerListener.log Serverのバージョン名：Apache Tomcat/9.0.34
10-Apr-2020 11:45:08.593 情報 [main] org.apache.catalina.startup.VersionLoggerListener.log Server ビルド:          Apr 3 2020 12:02:52 UTC
10-Apr-2020 11:45:08.594 情報 [main] org.apache.catalina.startup.VersionLoggerListener.log サーバーのバージョン番号：9.0.34.0
10-Apr-2020 11:45:08.594 情報 [main] org.apache.catalina.startup.VersionLoggerListener.log OS 名:               Mac OS X
10-Apr-2020 11:45:08.594 情報 [main] org.apache.catalina.startup.VersionLoggerListener.log OS バージョン:            10.14.5
10-Apr-2020 11:45:08.594 情報 [main] org.apache.catalina.startup.VersionLoggerListener.log アーキテクチャ:          x86_64
10-Apr-2020 11:45:08.594 情報 [main] org.apache.catalina.startup.VersionLoggerListener.log Java Home:             /Library/Java/JavaVirtualMachines/jdk-14.jdk/Contents/Home
10-Apr-2020 11:45:08.595 情報 [main] org.apache.catalina.startup.VersionLoggerListener.log JVM バージョン:           14+36-1461
10-Apr-2020 11:45:08.595 情報 [main] org.apache.catalina.startup.VersionLoggerListener.log JVM ベンダ：            Oracle Corporation
10-Apr-2020 11:45:08.595 情報 [main] org.apache.catalina.startup.VersionLoggerListener.log CATALINA_BASE:         /Users/nanami773/Desktop/apache-tomcat-9.0.34
10-Apr-2020 11:45:08.595 情報 [main] org.apache.catalina.startup.VersionLoggerListener.log CATALINA_HOME:         /Users/nanami773/Desktop/apache-tomcat-9.0.34
10-Apr-2020 11:45:08.614 情報 [main] org.apache.catalina.startup.VersionLoggerListener.log コマンドライン引数：--add-opens=java.base/java.lang=ALL-UNNAMED
10-Apr-2020 11:45:08.614 情報 [main] org.apache.catalina.startup.VersionLoggerListener.log コマンドライン引数：--add-opens=java.base/java.io=ALL-UNNAMED
10-Apr-2020 11:45:08.615 情報 [main] org.apache.catalina.startup.VersionLoggerListener.log コマンドライン引数：--add-opens=java.rmi/sun.rmi.transport=ALL-UNNAMED
10-Apr-2020 11:45:08.615 情報 [main] org.apache.catalina.startup.VersionLoggerListener.log コマンドライン引数：-Djava.util.logging.config.file=/Users/nanami773/Desktop/apache-tomcat-9.0.34/conf/logging.properties
10-Apr-2020 11:45:08.615 情報 [main] org.apache.catalina.startup.VersionLoggerListener.log コマンドライン引数：-Djava.util.logging.manager=org.apache.juli.ClassLoaderLogManager
10-Apr-2020 11:45:08.615 情報 [main] org.apache.catalina.startup.VersionLoggerListener.log コマンドライン引数：-Djdk.tls.ephemeralDHKeySize=2048
10-Apr-2020 11:45:08.616 情報 [main] org.apache.catalina.startup.VersionLoggerListener.log コマンドライン引数：-Djava.protocol.handler.pkgs=org.apache.catalina.webresources
10-Apr-2020 11:45:08.616 情報 [main] org.apache.catalina.startup.VersionLoggerListener.log コマンドライン引数：-Dorg.apache.catalina.security.SecurityListener.UMASK=0027
10-Apr-2020 11:45:08.616 情報 [main] org.apache.catalina.startup.VersionLoggerListener.log コマンドライン引数：-Dignore.endorsed.dirs=
10-Apr-2020 11:45:08.616 情報 [main] org.apache.catalina.startup.VersionLoggerListener.log コマンドライン引数：-Dcatalina.base=/Users/nanami773/Desktop/apache-tomcat-9.0.34
10-Apr-2020 11:45:08.616 情報 [main] org.apache.catalina.startup.VersionLoggerListener.log コマンドライン引数：-Dcatalina.home=/Users/nanami773/Desktop/apache-tomcat-9.0.34
10-Apr-2020 11:45:08.617 情報 [main] org.apache.catalina.startup.VersionLoggerListener.log コマンドライン引数：-Djava.io.tmpdir=/Users/nanami773/Desktop/apache-tomcat-9.0.34/temp
10-Apr-2020 11:45:08.617 情報 [main] org.apache.catalina.core.AprLifecycleListener.lifecycleEvent 商用環境に最適な性能を発揮する APR ベースの Tomcat ネイティブライブラリが java.library.path [/Users/nanami773/Library/Java/Extensions:/Library/Java/Extensions:/Network/Library/Java/Extensions:/System/Library/Java/Extensions:/usr/lib/java:.] に存在しません。
10-Apr-2020 11:45:08.970 情報 [main] org.apache.coyote.AbstractProtocol.init プロトコルハンドラ ["http-nio-8080"] を初期化します。
10-Apr-2020 11:45:09.045 情報 [main] org.apache.catalina.startup.Catalina.load サーバーの初期化 [786]ms
10-Apr-2020 11:45:09.112 情報 [main] org.apache.catalina.core.StandardService.startInternal サービス [Catalina] を起動します
10-Apr-2020 11:45:09.112 情報 [main] org.apache.catalina.core.StandardEngine.startInternal サーブレットエンジンの起動：[Apache Tomcat/9.0.34]
10-Apr-2020 11:45:09.122 情報 [main] org.apache.catalina.startup.HostConfig.deployDirectory Webアプリケーションディレクトリ [/Users/nanami773/Desktop/apache-tomcat-9.0.34/webapps/docs] を配備します
10-Apr-2020 11:45:09.464 情報 [main] org.apache.catalina.startup.HostConfig.deployDirectory ディレクトリ [/Users/nanami773/Desktop/apache-tomcat-9.0.34/webapps/docs] の Web アプリケーションの配置は [343] ms で完了しました。
10-Apr-2020 11:45:09.465 情報 [main] org.apache.catalina.startup.HostConfig.deployDirectory Webアプリケーションディレクトリ [/Users/nanami773/Desktop/apache-tomcat-9.0.34/webapps/manager] を配備します
10-Apr-2020 11:45:09.520 情報 [main] org.apache.catalina.startup.HostConfig.deployDirectory ディレクトリ [/Users/nanami773/Desktop/apache-tomcat-9.0.34/webapps/manager] の Web アプリケーションの配置は [55] ms で完了しました。
10-Apr-2020 11:45:09.521 情報 [main] org.apache.catalina.startup.HostConfig.deployDirectory Webアプリケーションディレクトリ [/Users/nanami773/Desktop/apache-tomcat-9.0.34/webapps/examples] を配備します
10-Apr-2020 11:45:09.897 情報 [main] org.apache.catalina.startup.HostConfig.deployDirectory ディレクトリ [/Users/nanami773/Desktop/apache-tomcat-9.0.34/webapps/examples] の Web アプリケーションの配置は [377] ms で完了しました。
10-Apr-2020 11:45:09.898 情報 [main] org.apache.catalina.startup.HostConfig.deployDirectory Webアプリケーションディレクトリ [/Users/nanami773/Desktop/apache-tomcat-9.0.34/webapps/ROOT] を配備します
10-Apr-2020 11:45:09.928 情報 [main] org.apache.catalina.startup.HostConfig.deployDirectory ディレクトリ [/Users/nanami773/Desktop/apache-tomcat-9.0.34/webapps/ROOT] の Web アプリケーションの配置は [30] ms で完了しました。
10-Apr-2020 11:45:09.928 情報 [main] org.apache.catalina.startup.HostConfig.deployDirectory Webアプリケーションディレクトリ [/Users/nanami773/Desktop/apache-tomcat-9.0.34/webapps/host-manager] を配備します
10-Apr-2020 11:45:09.958 情報 [main] org.apache.catalina.startup.HostConfig.deployDirectory ディレクトリ [/Users/nanami773/Desktop/apache-tomcat-9.0.34/webapps/host-manager] の Web アプリケーションの配置は [30] ms で完了しました。
10-Apr-2020 11:45:09.963 情報 [main] org.apache.coyote.AbstractProtocol.start プロトコルハンドラー ["http-nio-8080"] を開始しました。
10-Apr-2020 11:45:09.974 情報 [main] org.apache.catalina.startup.Catalina.start サーバーの起動 [928]ms
10-Apr-2020 11:45:32.482 情報 [main] org.apache.catalina.core.StandardServer.await 有効なシャットダウンコマンドがシャットダウンポート経由で受信されました。 サーバーインスタンスを停止します。
10-Apr-2020 11:45:32.483 情報 [main] org.apache.coyote.AbstractProtocol.pause ProtocolHandler ["http-nio-8080"] を一時停止します。
10-Apr-2020 11:45:32.488 情報 [main] org.apache.catalina.core.StandardService.stopInternal サービス [Catalina] を停止します
10-Apr-2020 11:45:32.515 情報 [main] org.apache.coyote.AbstractProtocol.stop ProtocolHandler ["http-nio-8080"]の停止中
10-Apr-2020 11:45:32.518 情報 [main] org.apache.coyote.AbstractProtocol.destroy ProtocolHandler ["http-nio-8080"] を破棄します。
10-Apr-2020 15:05:17.264 情報 [main] org.apache.catalina.startup.VersionLoggerListener.log Serverのバージョン名：Apache Tomcat/9.0.34
10-Apr-2020 15:05:17.267 情報 [main] org.apache.catalina.startup.VersionLoggerListener.log Server ビルド:          Apr 3 2020 12:02:52 UTC
10-Apr-2020 15:05:17.268 情報 [main] org.apache.catalina.startup.VersionLoggerListener.log サーバーのバージョン番号：9.0.34.0
10-Apr-2020 15:05:17.268 情報 [main] org.apache.catalina.startup.VersionLoggerListener.log OS 名:               Mac OS X
10-Apr-2020 15:05:17.268 情報 [main] org.apache.catalina.startup.VersionLoggerListener.log OS バージョン:            10.14.5
10-Apr-2020 15:05:17.268 情報 [main] org.apache.catalina.startup.VersionLoggerListener.log アーキテクチャ:          x86_64
10-Apr-2020 15:05:17.269 情報 [main] org.apache.catalina.startup.VersionLoggerListener.log Java Home:             /Library/Java/JavaVirtualMachines/jdk-14.jdk/Contents/Home
10-Apr-2020 15:05:17.269 情報 [main] org.apache.catalina.startup.VersionLoggerListener.log JVM バージョン:           14+36-1461
10-Apr-2020 15:05:17.269 情報 [main] org.apache.catalina.startup.VersionLoggerListener.log JVM ベンダ：            Oracle Corporation
10-Apr-2020 15:05:17.270 情報 [main] org.apache.catalina.startup.VersionLoggerListener.log CATALINA_BASE:         /Users/nanami773/Desktop/apache-tomcat-9.0.34
10-Apr-2020 15:05:17.270 情報 [main] org.apache.catalina.startup.VersionLoggerListener.log CATALINA_HOME:         /Users/nanami773/Desktop/apache-tomcat-9.0.34
10-Apr-2020 15:05:17.295 情報 [main] org.apache.catalina.startup.VersionLoggerListener.log コマンドライン引数：--add-opens=java.base/java.lang=ALL-UNNAMED
10-Apr-2020 15:05:17.295 情報 [main] org.apache.catalina.startup.VersionLoggerListener.log コマンドライン引数：--add-opens=java.base/java.io=ALL-UNNAMED
10-Apr-2020 15:05:17.295 情報 [main] org.apache.catalina.startup.VersionLoggerListener.log コマンドライン引数：--add-opens=java.rmi/sun.rmi.transport=ALL-UNNAMED
10-Apr-2020 15:05:17.296 情報 [main] org.apache.catalina.startup.VersionLoggerListener.log コマンドライン引数：-Djava.util.logging.config.file=/Users/nanami773/Desktop/apache-tomcat-9.0.34/conf/logging.properties
10-Apr-2020 15:05:17.296 情報 [main] org.apache.catalina.startup.VersionLoggerListener.log コマンドライン引数：-Djava.util.logging.manager=org.apache.juli.ClassLoaderLogManager
10-Apr-2020 15:05:17.296 情報 [main] org.apache.catalina.startup.VersionLoggerListener.log コマンドライン引数：-Djdk.tls.ephemeralDHKeySize=2048
10-Apr-2020 15:05:17.296 情報 [main] org.apache.catalina.startup.VersionLoggerListener.log コマンドライン引数：-Djava.protocol.handler.pkgs=org.apache.catalina.webresources
10-Apr-2020 15:05:17.297 情報 [main] org.apache.catalina.startup.VersionLoggerListener.log コマンドライン引数：-Dorg.apache.catalina.security.SecurityListener.UMASK=0027
10-Apr-2020 15:05:17.297 情報 [main] org.apache.catalina.startup.VersionLoggerListener.log コマンドライン引数：-Dignore.endorsed.dirs=
10-Apr-2020 15:05:17.297 情報 [main] org.apache.catalina.startup.VersionLoggerListener.log コマンドライン引数：-Dcatalina.base=/Users/nanami773/Desktop/apache-tomcat-9.0.34
10-Apr-2020 15:05:17.297 情報 [main] org.apache.catalina.startup.VersionLoggerListener.log コマンドライン引数：-Dcatalina.home=/Users/nanami773/Desktop/apache-tomcat-9.0.34
10-Apr-2020 15:05:17.298 情報 [main] org.apache.catalina.startup.VersionLoggerListener.log コマンドライン引数：-Djava.io.tmpdir=/Users/nanami773/Desktop/apache-tomcat-9.0.34/temp
10-Apr-2020 15:05:17.298 情報 [main] org.apache.catalina.core.AprLifecycleListener.lifecycleEvent 商用環境に最適な性能を発揮する APR ベースの Tomcat ネイティブライブラリが java.library.path [/Users/nanami773/Library/Java/Extensions:/Library/Java/Extensions:/Network/Library/Java/Extensions:/System/Library/Java/Extensions:/usr/lib/java:.] に存在しません。
10-Apr-2020 15:05:17.690 情報 [main] org.apache.coyote.AbstractProtocol.init プロトコルハンドラ ["http-nio-8080"] を初期化します。
10-Apr-2020 15:05:17.760 情報 [main] org.apache.catalina.startup.Catalina.load サーバーの初期化 [917]ms
10-Apr-2020 15:05:17.826 情報 [main] org.apache.catalina.core.StandardService.startInternal サービス [Catalina] を起動します
10-Apr-2020 15:05:17.826 情報 [main] org.apache.catalina.core.StandardEngine.startInternal サーブレットエンジンの起動：[Apache Tomcat/9.0.34]
10-Apr-2020 15:05:17.840 情報 [main] org.apache.catalina.startup.HostConfig.deployDirectory Webアプリケーションディレクトリ [/Users/nanami773/Desktop/apache-tomcat-9.0.34/webapps/docs] を配備します
10-Apr-2020 15:05:18.290 情報 [main] org.apache.catalina.startup.HostConfig.deployDirectory ディレクトリ [/Users/nanami773/Desktop/apache-tomcat-9.0.34/webapps/docs] の Web アプリケーションの配置は [449] ms で完了しました。
10-Apr-2020 15:05:18.290 情報 [main] org.apache.catalina.startup.HostConfig.deployDirectory Webアプリケーションディレクトリ [/Users/nanami773/Desktop/apache-tomcat-9.0.34/webapps/manager] を配備します
10-Apr-2020 15:05:18.345 情報 [main] org.apache.catalina.startup.HostConfig.deployDirectory ディレクトリ [/Users/nanami773/Desktop/apache-tomcat-9.0.34/webapps/manager] の Web アプリケーションの配置は [55] ms で完了しました。
10-Apr-2020 15:05:18.345 情報 [main] org.apache.catalina.startup.HostConfig.deployDirectory Webアプリケーションディレクトリ [/Users/nanami773/Desktop/apache-tomcat-9.0.34/webapps/examples] を配備します
10-Apr-2020 15:05:18.765 情報 [main] org.apache.catalina.startup.HostConfig.deployDirectory ディレクトリ [/Users/nanami773/Desktop/apache-tomcat-9.0.34/webapps/examples] の Web アプリケーションの配置は [420] ms で完了しました。
10-Apr-2020 15:05:18.765 情報 [main] org.apache.catalina.startup.HostConfig.deployDirectory Webアプリケーションディレクトリ [/Users/nanami773/Desktop/apache-tomcat-9.0.34/webapps/ROOT] を配備します
10-Apr-2020 15:05:18.796 情報 [main] org.apache.catalina.startup.HostConfig.deployDirectory ディレクトリ [/Users/nanami773/Desktop/apache-tomcat-9.0.34/webapps/ROOT] の Web アプリケーションの配置は [30] ms で完了しました。
10-Apr-2020 15:05:18.796 情報 [main] org.apache.catalina.startup.HostConfig.deployDirectory Webアプリケーションディレクトリ [/Users/nanami773/Desktop/apache-tomcat-9.0.34/webapps/host-manager] を配備します
10-Apr-2020 15:05:18.829 情報 [main] org.apache.catalina.startup.HostConfig.deployDirectory ディレクトリ [/Users/nanami773/Desktop/apache-tomcat-9.0.34/webapps/host-manager] の Web アプリケーションの配置は [32] ms で完了しました。
10-Apr-2020 15:05:18.834 情報 [main] org.apache.coyote.AbstractProtocol.start プロトコルハンドラー ["http-nio-8080"] を開始しました。
10-Apr-2020 15:05:18.848 情報 [main] org.apache.catalina.startup.Catalina.start サーバーの起動 [1,086]ms
10-Apr-2020 15:36:06.973 情報 [main] org.apache.catalina.core.StandardServer.await 有効なシャットダウンコマンドがシャットダウンポート経由で受信されました。 サーバーインスタンスを停止します。
10-Apr-2020 15:36:06.976 情報 [main] org.apache.coyote.AbstractProtocol.pause ProtocolHandler ["http-nio-8080"] を一時停止します。
10-Apr-2020 15:36:06.984 情報 [main] org.apache.catalina.core.StandardService.stopInternal サービス [Catalina] を停止します
10-Apr-2020 15:36:07.034 情報 [main] org.apache.coyote.AbstractProtocol.stop ProtocolHandler ["http-nio-8080"]の停止中
10-Apr-2020 15:36:07.039 情報 [main] org.apache.coyote.AbstractProtocol.destroy ProtocolHandler ["http-nio-8080"] を破棄します。
10-Apr-2020 17:46:01.932 情報 [main] org.apache.catalina.startup.VersionLoggerListener.log Serverのバージョン名：Apache Tomcat/9.0.34
10-Apr-2020 17:46:01.936 情報 [main] org.apache.catalina.startup.VersionLoggerListener.log Server ビルド:          Apr 3 2020 12:02:52 UTC
10-Apr-2020 17:46:01.936 情報 [main] org.apache.catalina.startup.VersionLoggerListener.log サーバーのバージョン番号：9.0.34.0
10-Apr-2020 17:46:01.937 情報 [main] org.apache.catalina.startup.VersionLoggerListener.log OS 名:               Mac OS X
10-Apr-2020 17:46:01.937 情報 [main] org.apache.catalina.startup.VersionLoggerListener.log OS バージョン:            10.14.5
10-Apr-2020 17:46:01.937 情報 [main] org.apache.catalina.startup.VersionLoggerListener.log アーキテクチャ:          x86_64
10-Apr-2020 17:46:01.938 情報 [main] org.apache.catalina.startup.VersionLoggerListener.log Java Home:             /Library/Java/JavaVirtualMachines/jdk-14.jdk/Contents/Home
10-Apr-2020 17:46:01.938 情報 [main] org.apache.catalina.startup.VersionLoggerListener.log JVM バージョン:           14+36-1461
10-Apr-2020 17:46:01.938 情報 [main] org.apache.catalina.startup.VersionLoggerListener.log JVM ベンダ：            Oracle Corporation
10-Apr-2020 17:46:01.938 情報 [main] org.apache.catalina.startup.VersionLoggerListener.log CATALINA_BASE:         /Users/nanami773/Desktop/apache-tomcat-9.0.34
10-Apr-2020 17:46:01.939 情報 [main] org.apache.catalina.startup.VersionLoggerListener.log CATALINA_HOME:         /Users/nanami773/Desktop/apache-tomcat-9.0.34
10-Apr-2020 17:46:01.960 情報 [main] org.apache.catalina.startup.VersionLoggerListener.log コマンドライン引数：--add-opens=java.base/java.lang=ALL-UNNAMED
10-Apr-2020 17:46:01.961 情報 [main] org.apache.catalina.startup.VersionLoggerListener.log コマンドライン引数：--add-opens=java.base/java.io=ALL-UNNAMED
10-Apr-2020 17:46:01.961 情報 [main] org.apache.catalina.startup.VersionLoggerListener.log コマンドライン引数：--add-opens=java.rmi/sun.rmi.transport=ALL-UNNAMED
10-Apr-2020 17:46:01.962 情報 [main] org.apache.catalina.startup.VersionLoggerListener.log コマンドライン引数：-Djava.util.logging.config.file=/Users/nanami773/Desktop/apache-tomcat-9.0.34/conf/logging.properties
10-Apr-2020 17:46:01.962 情報 [main] org.apache.catalina.startup.VersionLoggerListener.log コマンドライン引数：-Djava.util.logging.manager=org.apache.juli.ClassLoaderLogManager
10-Apr-2020 17:46:01.962 情報 [main] org.apache.catalina.startup.VersionLoggerListener.log コマンドライン引数：-Djdk.tls.ephemeralDHKeySize=2048
10-Apr-2020 17:46:01.962 情報 [main] org.apache.catalina.startup.VersionLoggerListener.log コマンドライン引数：-Djava.protocol.handler.pkgs=org.apache.catalina.webresources
10-Apr-2020 17:46:01.962 情報 [main] org.apache.catalina.startup.VersionLoggerListener.log コマンドライン引数：-Dorg.apache.catalina.security.SecurityListener.UMASK=0027
10-Apr-2020 17:46:01.963 情報 [main] org.apache.catalina.startup.VersionLoggerListener.log コマンドライン引数：-Dignore.endorsed.dirs=
10-Apr-2020 17:46:01.963 情報 [main] org.apache.catalina.startup.VersionLoggerListener.log コマンドライン引数：-Dcatalina.base=/Users/nanami773/Desktop/apache-tomcat-9.0.34
10-Apr-2020 17:46:01.963 情報 [main] org.apache.catalina.startup.VersionLoggerListener.log コマンドライン引数：-Dcatalina.home=/Users/nanami773/Desktop/apache-tomcat-9.0.34
10-Apr-2020 17:46:01.963 情報 [main] org.apache.catalina.startup.VersionLoggerListener.log コマンドライン引数：-Djava.io.tmpdir=/Users/nanami773/Desktop/apache-tomcat-9.0.34/temp
10-Apr-2020 17:46:01.964 情報 [main] org.apache.catalina.core.AprLifecycleListener.lifecycleEvent 商用環境に最適な性能を発揮する APR ベースの Tomcat ネイティブライブラリが java.library.path [/Users/nanami773/Library/Java/Extensions:/Library/Java/Extensions:/Network/Library/Java/Extensions:/System/Library/Java/Extensions:/usr/lib/java:.] に存在しません。
10-Apr-2020 17:46:02.328 情報 [main] org.apache.coyote.AbstractProtocol.init プロトコルハンドラ ["http-nio-8080"] を初期化します。
10-Apr-2020 17:46:02.395 情報 [main] org.apache.catalina.startup.Catalina.load サーバーの初期化 [888]ms
10-Apr-2020 17:46:02.454 情報 [main] org.apache.catalina.core.StandardService.startInternal サービス [Catalina] を起動します
10-Apr-2020 17:46:02.454 情報 [main] org.apache.catalina.core.StandardEngine.startInternal サーブレットエンジンの起動：[Apache Tomcat/9.0.34]
10-Apr-2020 17:46:02.481 情報 [main] org.apache.catalina.startup.HostConfig.deployWAR Webアプリケーションアーカイブ [/Users/nanami773/Desktop/apache-tomcat-9.0.34/webapps/first-web-app.war] を配備します
10-Apr-2020 17:46:02.982 情報 [main] org.apache.catalina.startup.HostConfig.deployWAR Web アプリケーションアーカイブ [/Users/nanami773/Desktop/apache-tomcat-9.0.34/webapps/first-web-app.war] の配置は [500] ms で完了しました。
10-Apr-2020 17:46:02.982 情報 [main] org.apache.catalina.startup.HostConfig.deployDirectory Webアプリケーションディレクトリ [/Users/nanami773/Desktop/apache-tomcat-9.0.34/webapps/docs] を配備します
10-Apr-2020 17:46:03.011 情報 [main] org.apache.catalina.startup.HostConfig.deployDirectory ディレクトリ [/Users/nanami773/Desktop/apache-tomcat-9.0.34/webapps/docs] の Web アプリケーションの配置は [29] ms で完了しました。
10-Apr-2020 17:46:03.012 情報 [main] org.apache.catalina.startup.HostConfig.deployDirectory Webアプリケーションディレクトリ [/Users/nanami773/Desktop/apache-tomcat-9.0.34/webapps/manager] を配備します
10-Apr-2020 17:46:03.065 情報 [main] org.apache.catalina.startup.HostConfig.deployDirectory ディレクトリ [/Users/nanami773/Desktop/apache-tomcat-9.0.34/webapps/manager] の Web アプリケーションの配置は [53] ms で完了しました。
10-Apr-2020 17:46:03.065 情報 [main] org.apache.catalina.startup.HostConfig.deployDirectory Webアプリケーションディレクトリ [/Users/nanami773/Desktop/apache-tomcat-9.0.34/webapps/examples] を配備します
10-Apr-2020 17:46:03.491 情報 [main] org.apache.catalina.startup.HostConfig.deployDirectory ディレクトリ [/Users/nanami773/Desktop/apache-tomcat-9.0.34/webapps/examples] の Web アプリケーションの配置は [425] ms で完了しました。
10-Apr-2020 17:46:03.491 情報 [main] org.apache.catalina.startup.HostConfig.deployDirectory Webアプリケーションディレクトリ [/Users/nanami773/Desktop/apache-tomcat-9.0.34/webapps/ROOT] を配備します
10-Apr-2020 17:46:03.516 情報 [main] org.apache.catalina.startup.HostConfig.deployDirectory ディレクトリ [/Users/nanami773/Desktop/apache-tomcat-9.0.34/webapps/ROOT] の Web アプリケーションの配置は [25] ms で完了しました。
10-Apr-2020 17:46:03.517 情報 [main] org.apache.catalina.startup.HostConfig.deployDirectory Webアプリケーションディレクトリ [/Users/nanami773/Desktop/apache-tomcat-9.0.34/webapps/host-manager] を配備します
10-Apr-2020 17:46:03.549 情報 [main] org.apache.catalina.startup.HostConfig.deployDirectory ディレクトリ [/Users/nanami773/Desktop/apache-tomcat-9.0.34/webapps/host-manager] の Web アプリケーションの配置は [32] ms で完了しました。
10-Apr-2020 17:46:03.556 情報 [main] org.apache.coyote.AbstractProtocol.start プロトコルハンドラー ["http-nio-8080"] を開始しました。
10-Apr-2020 17:46:03.579 情報 [main] org.apache.catalina.startup.Catalina.start サーバーの起動 [1,184]ms
10-Apr-2020 17:46:53.316 情報 [main] org.apache.catalina.core.StandardServer.await 有効なシャットダウンコマンドがシャットダウンポート経由で受信されました。 サーバーインスタンスを停止します。
10-Apr-2020 17:46:53.318 情報 [main] org.apache.coyote.AbstractProtocol.pause ProtocolHandler ["http-nio-8080"] を一時停止します。
10-Apr-2020 17:46:53.331 情報 [main] org.apache.catalina.core.StandardService.stopInternal サービス [Catalina] を停止します
10-Apr-2020 17:46:53.377 情報 [main] org.apache.coyote.AbstractProtocol.stop ProtocolHandler ["http-nio-8080"]の停止中
10-Apr-2020 17:46:53.381 情報 [main] org.apache.coyote.AbstractProtocol.destroy ProtocolHandler ["http-nio-8080"] を破棄します。
10-Apr-2020 19:35:15.573 情報 [main] org.apache.catalina.startup.VersionLoggerListener.log Serverのバージョン名：Apache Tomcat/9.0.34
10-Apr-2020 19:35:15.579 情報 [main] org.apache.catalina.startup.VersionLoggerListener.log Server ビルド:          Apr 3 2020 12:02:52 UTC
10-Apr-2020 19:35:15.580 情報 [main] org.apache.catalina.startup.VersionLoggerListener.log サーバーのバージョン番号：9.0.34.0
10-Apr-2020 19:35:15.580 情報 [main] org.apache.catalina.startup.VersionLoggerListener.log OS 名:               Mac OS X
10-Apr-2020 19:35:15.580 情報 [main] org.apache.catalina.startup.VersionLoggerListener.log OS バージョン:            10.14.5
10-Apr-2020 19:35:15.580 情報 [main] org.apache.catalina.startup.VersionLoggerListener.log アーキテクチャ:          x86_64
10-Apr-2020 19:35:15.581 情報 [main] org.apache.catalina.startup.VersionLoggerListener.log Java Home:             /Library/Java/JavaVirtualMachines/jdk-14.jdk/Contents/Home
10-Apr-2020 19:35:15.581 情報 [main] org.apache.catalina.startup.VersionLoggerListener.log JVM バージョン:           14+36-1461
10-Apr-2020 19:35:15.581 情報 [main] org.apache.catalina.startup.VersionLoggerListener.log JVM ベンダ：            Oracle Corporation
10-Apr-2020 19:35:15.581 情報 [main] org.apache.catalina.startup.VersionLoggerListener.log CATALINA_BASE:         /Users/nanami773/Desktop/apache-tomcat-9.0.34
10-Apr-2020 19:35:15.582 情報 [main] org.apache.catalina.startup.VersionLoggerListener.log CATALINA_HOME:         /Users/nanami773/Desktop/apache-tomcat-9.0.34
10-Apr-2020 19:35:15.602 情報 [main] org.apache.catalina.startup.VersionLoggerListener.log コマンドライン引数：--add-opens=java.base/java.lang=ALL-UNNAMED
10-Apr-2020 19:35:15.602 情報 [main] org.apache.catalina.startup.VersionLoggerListener.log コマンドライン引数：--add-opens=java.base/java.io=ALL-UNNAMED
10-Apr-2020 19:35:15.603 情報 [main] org.apache.catalina.startup.VersionLoggerListener.log コマンドライン引数：--add-opens=java.rmi/sun.rmi.transport=ALL-UNNAMED
10-Apr-2020 19:35:15.603 情報 [main] org.apache.catalina.startup.VersionLoggerListener.log コマンドライン引数：-Djava.util.logging.config.file=/Users/nanami773/Desktop/apache-tomcat-9.0.34/conf/logging.properties
10-Apr-2020 19:35:15.603 情報 [main] org.apache.catalina.startup.VersionLoggerListener.log コマンドライン引数：-Djava.util.logging.manager=org.apache.juli.ClassLoaderLogManager
10-Apr-2020 19:35:15.603 情報 [main] org.apache.catalina.startup.VersionLoggerListener.log コマンドライン引数：-Djdk.tls.ephemeralDHKeySize=2048
10-Apr-2020 19:35:15.603 情報 [main] org.apache.catalina.startup.VersionLoggerListener.log コマンドライン引数：-Djava.protocol.handler.pkgs=org.apache.catalina.webresources
10-Apr-2020 19:35:15.604 情報 [main] org.apache.catalina.startup.VersionLoggerListener.log コマンドライン引数：-Dorg.apache.catalina.security.SecurityListener.UMASK=0027
10-Apr-2020 19:35:15.604 情報 [main] org.apache.catalina.startup.VersionLoggerListener.log コマンドライン引数：-Dignore.endorsed.dirs=
10-Apr-2020 19:35:15.604 情報 [main] org.apache.catalina.startup.VersionLoggerListener.log コマンドライン引数：-Dcatalina.base=/Users/nanami773/Desktop/apache-tomcat-9.0.34
10-Apr-2020 19:35:15.604 情報 [main] org.apache.catalina.startup.VersionLoggerListener.log コマンドライン引数：-Dcatalina.home=/Users/nanami773/Desktop/apache-tomcat-9.0.34
10-Apr-2020 19:35:15.605 情報 [main] org.apache.catalina.startup.VersionLoggerListener.log コマンドライン引数：-Djava.io.tmpdir=/Users/nanami773/Desktop/apache-tomcat-9.0.34/temp
10-Apr-2020 19:35:15.605 情報 [main] org.apache.catalina.core.AprLifecycleListener.lifecycleEvent 商用環境に最適な性能を発揮する APR ベースの Tomcat ネイティブライブラリが java.library.path [/Users/nanami773/Library/Java/Extensions:/Library/Java/Extensions:/Network/Library/Java/Extensions:/System/Library/Java/Extensions:/usr/lib/java:.] に存在しません。
10-Apr-2020 19:35:16.054 情報 [main] org.apache.coyote.AbstractProtocol.init プロトコルハンドラ ["http-nio-8080"] を初期化します。
10-Apr-2020 19:35:16.126 情報 [main] org.apache.catalina.startup.Catalina.load サーバーの初期化 [1,023]ms
10-Apr-2020 19:35:16.200 情報 [main] org.apache.catalina.core.StandardService.startInternal サービス [Catalina] を起動します
10-Apr-2020 19:35:16.200 情報 [main] org.apache.catalina.core.StandardEngine.startInternal サーブレットエンジンの起動：[Apache Tomcat/9.0.34]
10-Apr-2020 19:35:16.216 情報 [main] org.apache.catalina.startup.HostConfig.deployDirectory Webアプリケーションディレクトリ [/Users/nanami773/Desktop/apache-tomcat-9.0.34/webapps/docs] を配備します
10-Apr-2020 19:35:16.664 情報 [main] org.apache.catalina.startup.HostConfig.deployDirectory ディレクトリ [/Users/nanami773/Desktop/apache-tomcat-9.0.34/webapps/docs] の Web アプリケーションの配置は [448] ms で完了しました。
10-Apr-2020 19:35:16.665 情報 [main] org.apache.catalina.startup.HostConfig.deployDirectory Webアプリケーションディレクトリ [/Users/nanami773/Desktop/apache-tomcat-9.0.34/webapps/manager] を配備します
10-Apr-2020 19:35:16.722 情報 [main] org.apache.catalina.startup.HostConfig.deployDirectory ディレクトリ [/Users/nanami773/Desktop/apache-tomcat-9.0.34/webapps/manager] の Web アプリケーションの配置は [56] ms で完了しました。
10-Apr-2020 19:35:16.722 情報 [main] org.apache.catalina.startup.HostConfig.deployDirectory Webアプリケーションディレクトリ [/Users/nanami773/Desktop/apache-tomcat-9.0.34/webapps/examples] を配備します
10-Apr-2020 19:35:17.139 情報 [main] org.apache.catalina.startup.HostConfig.deployDirectory ディレクトリ [/Users/nanami773/Desktop/apache-tomcat-9.0.34/webapps/examples] の Web アプリケーションの配置は [417] ms で完了しました。
10-Apr-2020 19:35:17.140 情報 [main] org.apache.catalina.startup.HostConfig.deployDirectory Webアプリケーションディレクトリ [/Users/nanami773/Desktop/apache-tomcat-9.0.34/webapps/ROOT] を配備します
10-Apr-2020 19:35:17.161 情報 [main] org.apache.catalina.startup.HostConfig.deployDirectory ディレクトリ [/Users/nanami773/Desktop/apache-tomcat-9.0.34/webapps/ROOT] の Web アプリケーションの配置は [21] ms で完了しました。
10-Apr-2020 19:35:17.162 情報 [main] org.apache.catalina.startup.HostConfig.deployDirectory Webアプリケーションディレクトリ [/Users/nanami773/Desktop/apache-tomcat-9.0.34/webapps/host-manager] を配備します
10-Apr-2020 19:35:17.189 情報 [main] org.apache.catalina.startup.HostConfig.deployDirectory ディレクトリ [/Users/nanami773/Desktop/apache-tomcat-9.0.34/webapps/host-manager] の Web アプリケーションの配置は [27] ms で完了しました。
10-Apr-2020 19:35:17.193 情報 [main] org.apache.coyote.AbstractProtocol.start プロトコルハンドラー ["http-nio-8080"] を開始しました。
10-Apr-2020 19:35:17.205 情報 [main] org.apache.catalina.startup.Catalina.start サーバーの起動 [1,079]ms
10-Apr-2020 19:36:19.902 情報 [main] org.apache.catalina.core.StandardServer.await 有効なシャットダウンコマンドがシャットダウンポート経由で受信されました。 サーバーインスタンスを停止します。
10-Apr-2020 19:36:19.903 情報 [main] org.apache.coyote.AbstractProtocol.pause ProtocolHandler ["http-nio-8080"] を一時停止します。
10-Apr-2020 19:36:19.910 情報 [main] org.apache.catalina.core.StandardService.stopInternal サービス [Catalina] を停止します
10-Apr-2020 19:36:19.944 情報 [main] org.apache.coyote.AbstractProtocol.stop ProtocolHandler ["http-nio-8080"]の停止中
10-Apr-2020 19:36:19.950 情報 [main] org.apache.coyote.AbstractProtocol.destroy ProtocolHandler ["http-nio-8080"] を破棄します。
10-Apr-2020 19:43:06.548 情報 [main] org.apache.catalina.startup.VersionLoggerListener.log Serverのバージョン名：Apache Tomcat/9.0.34
10-Apr-2020 19:43:06.552 情報 [main] org.apache.catalina.startup.VersionLoggerListener.log Server ビルド:          Apr 3 2020 12:02:52 UTC
10-Apr-2020 19:43:06.552 情報 [main] org.apache.catalina.startup.VersionLoggerListener.log サーバーのバージョン番号：9.0.34.0
10-Apr-2020 19:43:06.553 情報 [main] org.apache.catalina.startup.VersionLoggerListener.log OS 名:               Mac OS X
10-Apr-2020 19:43:06.553 情報 [main] org.apache.catalina.startup.VersionLoggerListener.log OS バージョン:            10.14.5
10-Apr-2020 19:43:06.553 情報 [main] org.apache.catalina.startup.VersionLoggerListener.log アーキテクチャ:          x86_64
10-Apr-2020 19:43:06.553 情報 [main] org.apache.catalina.startup.VersionLoggerListener.log Java Home:             /Library/Java/JavaVirtualMachines/jdk-14.jdk/Contents/Home
10-Apr-2020 19:43:06.554 情報 [main] org.apache.catalina.startup.VersionLoggerListener.log JVM バージョン:           14+36-1461
10-Apr-2020 19:43:06.554 情報 [main] org.apache.catalina.startup.VersionLoggerListener.log JVM ベンダ：            Oracle Corporation
10-Apr-2020 19:43:06.554 情報 [main] org.apache.catalina.startup.VersionLoggerListener.log CATALINA_BASE:         /Users/nanami773/Desktop/apache-tomcat-9.0.34
10-Apr-2020 19:43:06.555 情報 [main] org.apache.catalina.startup.VersionLoggerListener.log CATALINA_HOME:         /Users/nanami773/Desktop/apache-tomcat-9.0.34
10-Apr-2020 19:43:06.577 情報 [main] org.apache.catalina.startup.VersionLoggerListener.log コマンドライン引数：--add-opens=java.base/java.lang=ALL-UNNAMED
10-Apr-2020 19:43:06.578 情報 [main] org.apache.catalina.startup.VersionLoggerListener.log コマンドライン引数：--add-opens=java.base/java.io=ALL-UNNAMED
10-Apr-2020 19:43:06.578 情報 [main] org.apache.catalina.startup.VersionLoggerListener.log コマンドライン引数：--add-opens=java.rmi/sun.rmi.transport=ALL-UNNAMED
10-Apr-2020 19:43:06.578 情報 [main] org.apache.catalina.startup.VersionLoggerListener.log コマンドライン引数：-Djava.util.logging.config.file=/Users/nanami773/Desktop/apache-tomcat-9.0.34/conf/logging.properties
10-Apr-2020 19:43:06.578 情報 [main] org.apache.catalina.startup.VersionLoggerListener.log コマンドライン引数：-Djava.util.logging.manager=org.apache.juli.ClassLoaderLogManager
10-Apr-2020 19:43:06.579 情報 [main] org.apache.catalina.startup.VersionLoggerListener.log コマンドライン引数：-Djdk.tls.ephemeralDHKeySize=2048
10-Apr-2020 19:43:06.579 情報 [main] org.apache.catalina.startup.VersionLoggerListener.log コマンドライン引数：-Djava.protocol.handler.pkgs=org.apache.catalina.webresources
10-Apr-2020 19:43:06.579 情報 [main] org.apache.catalina.startup.VersionLoggerListener.log コマンドライン引数：-Dorg.apache.catalina.security.SecurityListener.UMASK=0027
10-Apr-2020 19:43:06.579 情報 [main] org.apache.catalina.startup.VersionLoggerListener.log コマンドライン引数：-Dignore.endorsed.dirs=
10-Apr-2020 19:43:06.579 情報 [main] org.apache.catalina.startup.VersionLoggerListener.log コマンドライン引数：-Dcatalina.base=/Users/nanami773/Desktop/apache-tomcat-9.0.34
10-Apr-2020 19:43:06.580 情報 [main] org.apache.catalina.startup.VersionLoggerListener.log コマンドライン引数：-Dcatalina.home=/Users/nanami773/Desktop/apache-tomcat-9.0.34
10-Apr-2020 19:43:06.580 情報 [main] org.apache.catalina.startup.VersionLoggerListener.log コマンドライン引数：-Djava.io.tmpdir=/Users/nanami773/Desktop/apache-tomcat-9.0.34/temp
10-Apr-2020 19:43:06.580 情報 [main] org.apache.catalina.core.AprLifecycleListener.lifecycleEvent 商用環境に最適な性能を発揮する APR ベースの Tomcat ネイティブライブラリが java.library.path [/Users/nanami773/Library/Java/Extensions:/Library/Java/Extensions:/Network/Library/Java/Extensions:/System/Library/Java/Extensions:/usr/lib/java:.] に存在しません。
10-Apr-2020 19:43:06.949 情報 [main] org.apache.coyote.AbstractProtocol.init プロトコルハンドラ ["http-nio-8080"] を初期化します。
10-Apr-2020 19:43:07.026 情報 [main] org.apache.catalina.startup.Catalina.load サーバーの初期化 [898]ms
10-Apr-2020 19:43:07.087 情報 [main] org.apache.catalina.core.StandardService.startInternal サービス [Catalina] を起動します
10-Apr-2020 19:43:07.087 情報 [main] org.apache.catalina.core.StandardEngine.startInternal サーブレットエンジンの起動：[Apache Tomcat/9.0.34]
10-Apr-2020 19:43:07.101 情報 [main] org.apache.catalina.startup.HostConfig.deployDirectory Webアプリケーションディレクトリ [/Users/nanami773/Desktop/apache-tomcat-9.0.34/webapps/docs] を配備します
10-Apr-2020 19:43:07.532 情報 [main] org.apache.catalina.startup.HostConfig.deployDirectory ディレクトリ [/Users/nanami773/Desktop/apache-tomcat-9.0.34/webapps/docs] の Web アプリケーションの配置は [431] ms で完了しました。
10-Apr-2020 19:43:07.533 情報 [main] org.apache.catalina.startup.HostConfig.deployDirectory Webアプリケーションディレクトリ [/Users/nanami773/Desktop/apache-tomcat-9.0.34/webapps/manager] を配備します
10-Apr-2020 19:43:07.587 情報 [main] org.apache.catalina.startup.HostConfig.deployDirectory ディレクトリ [/Users/nanami773/Desktop/apache-tomcat-9.0.34/webapps/manager] の Web アプリケーションの配置は [54] ms で完了しました。
10-Apr-2020 19:43:07.588 情報 [main] org.apache.catalina.startup.HostConfig.deployDirectory Webアプリケーションディレクトリ [/Users/nanami773/Desktop/apache-tomcat-9.0.34/webapps/examples] を配備します
10-Apr-2020 19:43:08.015 情報 [main] org.apache.catalina.startup.HostConfig.deployDirectory ディレクトリ [/Users/nanami773/Desktop/apache-tomcat-9.0.34/webapps/examples] の Web アプリケーションの配置は [428] ms で完了しました。
10-Apr-2020 19:43:08.016 情報 [main] org.apache.catalina.startup.HostConfig.deployDirectory Webアプリケーションディレクトリ [/Users/nanami773/Desktop/apache-tomcat-9.0.34/webapps/ROOT] を配備します
10-Apr-2020 19:43:08.046 情報 [main] org.apache.catalina.startup.HostConfig.deployDirectory ディレクトリ [/Users/nanami773/Desktop/apache-tomcat-9.0.34/webapps/ROOT] の Web アプリケーションの配置は [30] ms で完了しました。
10-Apr-2020 19:43:08.057 情報 [main] org.apache.catalina.startup.HostConfig.deployDirectory Webアプリケーションディレクトリ [/Users/nanami773/Desktop/apache-tomcat-9.0.34/webapps/host-manager] を配備します
10-Apr-2020 19:43:08.094 情報 [main] org.apache.catalina.startup.HostConfig.deployDirectory ディレクトリ [/Users/nanami773/Desktop/apache-tomcat-9.0.34/webapps/host-manager] の Web アプリケーションの配置は [36] ms で完了しました。
10-Apr-2020 19:43:08.100 情報 [main] org.apache.coyote.AbstractProtocol.start プロトコルハンドラー ["http-nio-8080"] を開始しました。
10-Apr-2020 19:43:08.114 情報 [main] org.apache.catalina.startup.Catalina.start サーバーの起動 [1,087]ms
10-Apr-2020 19:47:46.900 情報 [main] org.apache.catalina.core.StandardServer.await 有効なシャットダウンコマンドがシャットダウンポート経由で受信されました。 サーバーインスタンスを停止します。
10-Apr-2020 19:47:46.902 情報 [main] org.apache.coyote.AbstractProtocol.pause ProtocolHandler ["http-nio-8080"] を一時停止します。
10-Apr-2020 19:47:46.907 情報 [main] org.apache.catalina.core.StandardService.stopInternal サービス [Catalina] を停止します
10-Apr-2020 19:47:46.941 情報 [main] org.apache.coyote.AbstractProtocol.stop ProtocolHandler ["http-nio-8080"]の停止中
10-Apr-2020 19:47:46.944 情報 [main] org.apache.coyote.AbstractProtocol.destroy ProtocolHandler ["http-nio-8080"] を破棄します。
10-Apr-2020 19:56:56.462 情報 [main] org.apache.catalina.startup.VersionLoggerListener.log Serverのバージョン名：Apache Tomcat/9.0.34
10-Apr-2020 19:56:56.466 情報 [main] org.apache.catalina.startup.VersionLoggerListener.log Server ビルド:          Apr 3 2020 12:02:52 UTC
10-Apr-2020 19:56:56.467 情報 [main] org.apache.catalina.startup.VersionLoggerListener.log サーバーのバージョン番号：9.0.34.0
10-Apr-2020 19:56:56.467 情報 [main] org.apache.catalina.startup.VersionLoggerListener.log OS 名:               Mac OS X
10-Apr-2020 19:56:56.467 情報 [main] org.apache.catalina.startup.VersionLoggerListener.log OS バージョン:            10.14.5
10-Apr-2020 19:56:56.467 情報 [main] org.apache.catalina.startup.VersionLoggerListener.log アーキテクチャ:          x86_64
10-Apr-2020 19:56:56.468 情報 [main] org.apache.catalina.startup.VersionLoggerListener.log Java Home:             /Library/Java/JavaVirtualMachines/jdk-14.jdk/Contents/Home
10-Apr-2020 19:56:56.468 情報 [main] org.apache.catalina.startup.VersionLoggerListener.log JVM バージョン:           14+36-1461
10-Apr-2020 19:56:56.468 情報 [main] org.apache.catalina.startup.VersionLoggerListener.log JVM ベンダ：            Oracle Corporation
10-Apr-2020 19:56:56.468 情報 [main] org.apache.catalina.startup.VersionLoggerListener.log CATALINA_BASE:         /Users/nanami773/Desktop/apache-tomcat-9.0.34
10-Apr-2020 19:56:56.469 情報 [main] org.apache.catalina.startup.VersionLoggerListener.log CATALINA_HOME:         /Users/nanami773/Desktop/apache-tomcat-9.0.34
10-Apr-2020 19:56:56.490 情報 [main] org.apache.catalina.startup.VersionLoggerListener.log コマンドライン引数：--add-opens=java.base/java.lang=ALL-UNNAMED
10-Apr-2020 19:56:56.491 情報 [main] org.apache.catalina.startup.VersionLoggerListener.log コマンドライン引数：--add-opens=java.base/java.io=ALL-UNNAMED
10-Apr-2020 19:56:56.491 情報 [main] org.apache.catalina.startup.VersionLoggerListener.log コマンドライン引数：--add-opens=java.rmi/sun.rmi.transport=ALL-UNNAMED
10-Apr-2020 19:56:56.491 情報 [main] org.apache.catalina.startup.VersionLoggerListener.log コマンドライン引数：-Djava.util.logging.config.file=/Users/nanami773/Desktop/apache-tomcat-9.0.34/conf/logging.properties
10-Apr-2020 19:56:56.492 情報 [main] org.apache.catalina.startup.VersionLoggerListener.log コマンドライン引数：-Djava.util.logging.manager=org.apache.juli.ClassLoaderLogManager
10-Apr-2020 19:56:56.492 情報 [main] org.apache.catalina.startup.VersionLoggerListener.log コマンドライン引数：-Djdk.tls.ephemeralDHKeySize=2048
10-Apr-2020 19:56:56.492 情報 [main] org.apache.catalina.startup.VersionLoggerListener.log コマンドライン引数：-Djava.protocol.handler.pkgs=org.apache.catalina.webresources
10-Apr-2020 19:56:56.492 情報 [main] org.apache.catalina.startup.VersionLoggerListener.log コマンドライン引数：-Dorg.apache.catalina.security.SecurityListener.UMASK=0027
10-Apr-2020 19:56:56.493 情報 [main] org.apache.catalina.startup.VersionLoggerListener.log コマンドライン引数：-Dignore.endorsed.dirs=
10-Apr-2020 19:56:56.493 情報 [main] org.apache.catalina.startup.VersionLoggerListener.log コマンドライン引数：-Dcatalina.base=/Users/nanami773/Desktop/apache-tomcat-9.0.34
10-Apr-2020 19:56:56.493 情報 [main] org.apache.catalina.startup.VersionLoggerListener.log コマンドライン引数：-Dcatalina.home=/Users/nanami773/Desktop/apache-tomcat-9.0.34
10-Apr-2020 19:56:56.493 情報 [main] org.apache.catalina.startup.VersionLoggerListener.log コマンドライン引数：-Djava.io.tmpdir=/Users/nanami773/Desktop/apache-tomcat-9.0.34/temp
10-Apr-2020 19:56:56.493 情報 [main] org.apache.catalina.core.AprLifecycleListener.lifecycleEvent 商用環境に最適な性能を発揮する APR ベースの Tomcat ネイティブライブラリが java.library.path [/Users/nanami773/Library/Java/Extensions:/Library/Java/Extensions:/Network/Library/Java/Extensions:/System/Library/Java/Extensions:/usr/lib/java:.] に存在しません。
10-Apr-2020 19:56:56.936 情報 [main] org.apache.coyote.AbstractProtocol.init プロトコルハンドラ ["http-nio-8080"] を初期化します。
10-Apr-2020 19:56:57.002 情報 [main] org.apache.catalina.startup.Catalina.load サーバーの初期化 [952]ms
10-Apr-2020 19:56:57.062 情報 [main] org.apache.catalina.core.StandardService.startInternal サービス [Catalina] を起動します
10-Apr-2020 19:56:57.063 情報 [main] org.apache.catalina.core.StandardEngine.startInternal サーブレットエンジンの起動：[Apache Tomcat/9.0.34]
10-Apr-2020 19:56:57.089 情報 [main] org.apache.catalina.startup.HostConfig.deployWAR Webアプリケーションアーカイブ [/Users/nanami773/Desktop/apache-tomcat-9.0.34/webapps/first-web-app.war] を配備します
10-Apr-2020 19:56:57.599 情報 [main] org.apache.catalina.startup.HostConfig.deployWAR Web アプリケーションアーカイブ [/Users/nanami773/Desktop/apache-tomcat-9.0.34/webapps/first-web-app.war] の配置は [508] ms で完了しました。
10-Apr-2020 19:56:57.600 情報 [main] org.apache.catalina.startup.HostConfig.deployDirectory Webアプリケーションディレクトリ [/Users/nanami773/Desktop/apache-tomcat-9.0.34/webapps/docs] を配備します
10-Apr-2020 19:56:57.648 情報 [main] org.apache.catalina.startup.HostConfig.deployDirectory ディレクトリ [/Users/nanami773/Desktop/apache-tomcat-9.0.34/webapps/docs] の Web アプリケーションの配置は [48] ms で完了しました。
10-Apr-2020 19:56:57.649 情報 [main] org.apache.catalina.startup.HostConfig.deployDirectory Webアプリケーションディレクトリ [/Users/nanami773/Desktop/apache-tomcat-9.0.34/webapps/manager] を配備します
10-Apr-2020 19:56:57.728 情報 [main] org.apache.catalina.startup.HostConfig.deployDirectory ディレクトリ [/Users/nanami773/Desktop/apache-tomcat-9.0.34/webapps/manager] の Web アプリケーションの配置は [78] ms で完了しました。
10-Apr-2020 19:56:57.728 情報 [main] org.apache.catalina.startup.HostConfig.deployDirectory Webアプリケーションディレクトリ [/Users/nanami773/Desktop/apache-tomcat-9.0.34/webapps/examples] を配備します
10-Apr-2020 19:56:58.193 情報 [main] org.apache.catalina.startup.HostConfig.deployDirectory ディレクトリ [/Users/nanami773/Desktop/apache-tomcat-9.0.34/webapps/examples] の Web アプリケーションの配置は [465] ms で完了しました。
10-Apr-2020 19:56:58.194 情報 [main] org.apache.catalina.startup.HostConfig.deployDirectory Webアプリケーションディレクトリ [/Users/nanami773/Desktop/apache-tomcat-9.0.34/webapps/ROOT] を配備します
10-Apr-2020 19:56:58.220 情報 [main] org.apache.catalina.startup.HostConfig.deployDirectory ディレクトリ [/Users/nanami773/Desktop/apache-tomcat-9.0.34/webapps/ROOT] の Web アプリケーションの配置は [25] ms で完了しました。
10-Apr-2020 19:56:58.220 情報 [main] org.apache.catalina.startup.HostConfig.deployDirectory Webアプリケーションディレクトリ [/Users/nanami773/Desktop/apache-tomcat-9.0.34/webapps/host-manager] を配備します
10-Apr-2020 19:56:58.249 情報 [main] org.apache.catalina.startup.HostConfig.deployDirectory ディレクトリ [/Users/nanami773/Desktop/apache-tomcat-9.0.34/webapps/host-manager] の Web アプリケーションの配置は [28] ms で完了しました。
10-Apr-2020 19:56:58.255 情報 [main] org.apache.coyote.AbstractProtocol.start プロトコルハンドラー ["http-nio-8080"] を開始しました。
10-Apr-2020 19:56:58.269 情報 [main] org.apache.catalina.startup.Catalina.start サーバーの起動 [1,266]ms
10-Apr-2020 20:11:51.841 情報 [main] org.apache.catalina.core.StandardServer.await 有効なシャットダウンコマンドがシャットダウンポート経由で受信されました。 サーバーインスタンスを停止します。
10-Apr-2020 20:11:51.844 情報 [main] org.apache.coyote.AbstractProtocol.pause ProtocolHandler ["http-nio-8080"] を一時停止します。
10-Apr-2020 20:11:51.849 情報 [main] org.apache.catalina.core.StandardService.stopInternal サービス [Catalina] を停止します
10-Apr-2020 20:11:51.889 情報 [main] org.apache.coyote.AbstractProtocol.stop ProtocolHandler ["http-nio-8080"]の停止中
10-Apr-2020 20:11:51.894 情報 [main] org.apache.coyote.AbstractProtocol.destroy ProtocolHandler ["http-nio-8080"] を破棄します。
10-Apr-2020 20:13:00.996 情報 [main] org.apache.catalina.startup.VersionLoggerListener.log Serverのバージョン名：Apache Tomcat/9.0.34
10-Apr-2020 20:13:01.001 情報 [main] org.apache.catalina.startup.VersionLoggerListener.log Server ビルド:          Apr 3 2020 12:02:52 UTC
10-Apr-2020 20:13:01.002 情報 [main] org.apache.catalina.startup.VersionLoggerListener.log サーバーのバージョン番号：9.0.34.0
10-Apr-2020 20:13:01.002 情報 [main] org.apache.catalina.startup.VersionLoggerListener.log OS 名:               Mac OS X
10-Apr-2020 20:13:01.002 情報 [main] org.apache.catalina.startup.VersionLoggerListener.log OS バージョン:            10.14.5
10-Apr-2020 20:13:01.002 情報 [main] org.apache.catalina.startup.VersionLoggerListener.log アーキテクチャ:          x86_64
10-Apr-2020 20:13:01.003 情報 [main] org.apache.catalina.startup.VersionLoggerListener.log Java Home:             /Library/Java/JavaVirtualMachines/jdk-14.jdk/Contents/Home
10-Apr-2020 20:13:01.003 情報 [main] org.apache.catalina.startup.VersionLoggerListener.log JVM バージョン:           14+36-1461
10-Apr-2020 20:13:01.003 情報 [main] org.apache.catalina.startup.VersionLoggerListener.log JVM ベンダ：            Oracle Corporation
10-Apr-2020 20:13:01.004 情報 [main] org.apache.catalina.startup.VersionLoggerListener.log CATALINA_BASE:         /Users/nanami773/Desktop/apache-tomcat-9.0.34
10-Apr-2020 20:13:01.004 情報 [main] org.apache.catalina.startup.VersionLoggerListener.log CATALINA_HOME:         /Users/nanami773/Desktop/apache-tomcat-9.0.34
10-Apr-2020 20:13:01.024 情報 [main] org.apache.catalina.startup.VersionLoggerListener.log コマンドライン引数：--add-opens=java.base/java.lang=ALL-UNNAMED
10-Apr-2020 20:13:01.024 情報 [main] org.apache.catalina.startup.VersionLoggerListener.log コマンドライン引数：--add-opens=java.base/java.io=ALL-UNNAMED
10-Apr-2020 20:13:01.025 情報 [main] org.apache.catalina.startup.VersionLoggerListener.log コマンドライン引数：--add-opens=java.rmi/sun.rmi.transport=ALL-UNNAMED
10-Apr-2020 20:13:01.025 情報 [main] org.apache.catalina.startup.VersionLoggerListener.log コマンドライン引数：-Djava.util.logging.config.file=/Users/nanami773/Desktop/apache-tomcat-9.0.34/conf/logging.properties
10-Apr-2020 20:13:01.025 情報 [main] org.apache.catalina.startup.VersionLoggerListener.log コマンドライン引数：-Djava.util.logging.manager=org.apache.juli.ClassLoaderLogManager
10-Apr-2020 20:13:01.025 情報 [main] org.apache.catalina.startup.VersionLoggerListener.log コマンドライン引数：-Djdk.tls.ephemeralDHKeySize=2048
10-Apr-2020 20:13:01.025 情報 [main] org.apache.catalina.startup.VersionLoggerListener.log コマンドライン引数：-Djava.protocol.handler.pkgs=org.apache.catalina.webresources
10-Apr-2020 20:13:01.025 情報 [main] org.apache.catalina.startup.VersionLoggerListener.log コマンドライン引数：-Dorg.apache.catalina.security.SecurityListener.UMASK=0027
10-Apr-2020 20:13:01.026 情報 [main] org.apache.catalina.startup.VersionLoggerListener.log コマンドライン引数：-Dignore.endorsed.dirs=
10-Apr-2020 20:13:01.026 情報 [main] org.apache.catalina.startup.VersionLoggerListener.log コマンドライン引数：-Dcatalina.base=/Users/nanami773/Desktop/apache-tomcat-9.0.34
10-Apr-2020 20:13:01.026 情報 [main] org.apache.catalina.startup.VersionLoggerListener.log コマンドライン引数：-Dcatalina.home=/Users/nanami773/Desktop/apache-tomcat-9.0.34
10-Apr-2020 20:13:01.026 情報 [main] org.apache.catalina.startup.VersionLoggerListener.log コマンドライン引数：-Djava.io.tmpdir=/Users/nanami773/Desktop/apache-tomcat-9.0.34/temp
10-Apr-2020 20:13:01.026 情報 [main] org.apache.catalina.core.AprLifecycleListener.lifecycleEvent 商用環境に最適な性能を発揮する APR ベースの Tomcat ネイティブライブラリが java.library.path [/Users/nanami773/Library/Java/Extensions:/Library/Java/Extensions:/Network/Library/Java/Extensions:/System/Library/Java/Extensions:/usr/lib/java:.] に存在しません。
10-Apr-2020 20:13:01.405 情報 [main] org.apache.coyote.AbstractProtocol.init プロトコルハンドラ ["http-nio-8080"] を初期化します。
10-Apr-2020 20:13:01.472 情報 [main] org.apache.catalina.startup.Catalina.load サーバーの初期化 [839]ms
10-Apr-2020 20:13:01.545 情報 [main] org.apache.catalina.core.StandardService.startInternal サービス [Catalina] を起動します
10-Apr-2020 20:13:01.546 情報 [main] org.apache.catalina.core.StandardEngine.startInternal サーブレットエンジンの起動：[Apache Tomcat/9.0.34]
10-Apr-2020 20:13:01.566 情報 [main] org.apache.catalina.startup.HostConfig.deployWAR Webアプリケーションアーカイブ [/Users/nanami773/Desktop/apache-tomcat-9.0.34/webapps/first-web-app.war] を配備します
10-Apr-2020 20:13:02.036 情報 [main] org.apache.catalina.startup.HostConfig.deployWAR Web アプリケーションアーカイブ [/Users/nanami773/Desktop/apache-tomcat-9.0.34/webapps/first-web-app.war] の配置は [469] ms で完了しました。
10-Apr-2020 20:13:02.037 情報 [main] org.apache.catalina.startup.HostConfig.deployDirectory Webアプリケーションディレクトリ [/Users/nanami773/Desktop/apache-tomcat-9.0.34/webapps/docs] を配備します
10-Apr-2020 20:13:02.078 情報 [main] org.apache.catalina.startup.HostConfig.deployDirectory ディレクトリ [/Users/nanami773/Desktop/apache-tomcat-9.0.34/webapps/docs] の Web アプリケーションの配置は [41] ms で完了しました。
10-Apr-2020 20:13:02.078 情報 [main] org.apache.catalina.startup.HostConfig.deployDirectory Webアプリケーションディレクトリ [/Users/nanami773/Desktop/apache-tomcat-9.0.34/webapps/manager] を配備します
10-Apr-2020 20:13:02.142 情報 [main] org.apache.catalina.startup.HostConfig.deployDirectory ディレクトリ [/Users/nanami773/Desktop/apache-tomcat-9.0.34/webapps/manager] の Web アプリケーションの配置は [64] ms で完了しました。
10-Apr-2020 20:13:02.142 情報 [main] org.apache.catalina.startup.HostConfig.deployDirectory Webアプリケーションディレクトリ [/Users/nanami773/Desktop/apache-tomcat-9.0.34/webapps/examples] を配備します
10-Apr-2020 20:13:02.559 情報 [main] org.apache.catalina.startup.HostConfig.deployDirectory ディレクトリ [/Users/nanami773/Desktop/apache-tomcat-9.0.34/webapps/examples] の Web アプリケーションの配置は [417] ms で完了しました。
10-Apr-2020 20:13:02.560 情報 [main] org.apache.catalina.startup.HostConfig.deployDirectory Webアプリケーションディレクトリ [/Users/nanami773/Desktop/apache-tomcat-9.0.34/webapps/ROOT] を配備します
10-Apr-2020 20:13:02.582 情報 [main] org.apache.catalina.startup.HostConfig.deployDirectory ディレクトリ [/Users/nanami773/Desktop/apache-tomcat-9.0.34/webapps/ROOT] の Web アプリケーションの配置は [22] ms で完了しました。
10-Apr-2020 20:13:02.583 情報 [main] org.apache.catalina.startup.HostConfig.deployDirectory Webアプリケーションディレクトリ [/Users/nanami773/Desktop/apache-tomcat-9.0.34/webapps/host-manager] を配備します
10-Apr-2020 20:13:02.612 情報 [main] org.apache.catalina.startup.HostConfig.deployDirectory ディレクトリ [/Users/nanami773/Desktop/apache-tomcat-9.0.34/webapps/host-manager] の Web アプリケーションの配置は [30] ms で完了しました。
10-Apr-2020 20:13:02.618 情報 [main] org.apache.coyote.AbstractProtocol.start プロトコルハンドラー ["http-nio-8080"] を開始しました。
10-Apr-2020 20:13:02.668 情報 [main] org.apache.catalina.startup.Catalina.start サーバーの起動 [1,193]ms
10-Apr-2020 20:59:28.871 情報 [main] org.apache.catalina.core.StandardServer.await 有効なシャットダウンコマンドがシャットダウンポート経由で受信されました。 サーバーインスタンスを停止します。
10-Apr-2020 20:59:28.874 情報 [main] org.apache.coyote.AbstractProtocol.pause ProtocolHandler ["http-nio-8080"] を一時停止します。
10-Apr-2020 20:59:28.882 情報 [main] org.apache.catalina.core.StandardService.stopInternal サービス [Catalina] を停止します
10-Apr-2020 20:59:28.934 情報 [main] org.apache.coyote.AbstractProtocol.stop ProtocolHandler ["http-nio-8080"]の停止中
10-Apr-2020 20:59:28.937 情報 [main] org.apache.coyote.AbstractProtocol.destroy ProtocolHandler ["http-nio-8080"] を破棄します。
10-Apr-2020 21:00:00.188 情報 [main] org.apache.catalina.startup.VersionLoggerListener.log Serverのバージョン名：Apache Tomcat/9.0.34
10-Apr-2020 21:00:00.195 情報 [main] org.apache.catalina.startup.VersionLoggerListener.log Server ビルド:          Apr 3 2020 12:02:52 UTC
10-Apr-2020 21:00:00.195 情報 [main] org.apache.catalina.startup.VersionLoggerListener.log サーバーのバージョン番号：9.0.34.0
10-Apr-2020 21:00:00.196 情報 [main] org.apache.catalina.startup.VersionLoggerListener.log OS 名:               Mac OS X
10-Apr-2020 21:00:00.196 情報 [main] org.apache.catalina.startup.VersionLoggerListener.log OS バージョン:            10.14.5
10-Apr-2020 21:00:00.196 情報 [main] org.apache.catalina.startup.VersionLoggerListener.log アーキテクチャ:          x86_64
10-Apr-2020 21:00:00.197 情報 [main] org.apache.catalina.startup.VersionLoggerListener.log Java Home:             /Library/Java/JavaVirtualMachines/jdk-14.jdk/Contents/Home
10-Apr-2020 21:00:00.197 情報 [main] org.apache.catalina.startup.VersionLoggerListener.log JVM バージョン:           14+36-1461
10-Apr-2020 21:00:00.197 情報 [main] org.apache.catalina.startup.VersionLoggerListener.log JVM ベンダ：            Oracle Corporation
10-Apr-2020 21:00:00.197 情報 [main] org.apache.catalina.startup.VersionLoggerListener.log CATALINA_BASE:         /Users/nanami773/Desktop/apache-tomcat-9.0.34
10-Apr-2020 21:00:00.197 情報 [main] org.apache.catalina.startup.VersionLoggerListener.log CATALINA_HOME:         /Users/nanami773/Desktop/apache-tomcat-9.0.34
10-Apr-2020 21:00:00.222 情報 [main] org.apache.catalina.startup.VersionLoggerListener.log コマンドライン引数：--add-opens=java.base/java.lang=ALL-UNNAMED
10-Apr-2020 21:00:00.222 情報 [main] org.apache.catalina.startup.VersionLoggerListener.log コマンドライン引数：--add-opens=java.base/java.io=ALL-UNNAMED
10-Apr-2020 21:00:00.223 情報 [main] org.apache.catalina.startup.VersionLoggerListener.log コマンドライン引数：--add-opens=java.rmi/sun.rmi.transport=ALL-UNNAMED
10-Apr-2020 21:00:00.223 情報 [main] org.apache.catalina.startup.VersionLoggerListener.log コマンドライン引数：-Djava.util.logging.config.file=/Users/nanami773/Desktop/apache-tomcat-9.0.34/conf/logging.properties
10-Apr-2020 21:00:00.223 情報 [main] org.apache.catalina.startup.VersionLoggerListener.log コマンドライン引数：-Djava.util.logging.manager=org.apache.juli.ClassLoaderLogManager
10-Apr-2020 21:00:00.223 情報 [main] org.apache.catalina.startup.VersionLoggerListener.log コマンドライン引数：-Djdk.tls.ephemeralDHKeySize=2048
10-Apr-2020 21:00:00.223 情報 [main] org.apache.catalina.startup.VersionLoggerListener.log コマンドライン引数：-Djava.protocol.handler.pkgs=org.apache.catalina.webresources
10-Apr-2020 21:00:00.224 情報 [main] org.apache.catalina.startup.VersionLoggerListener.log コマンドライン引数：-Dorg.apache.catalina.security.SecurityListener.UMASK=0027
10-Apr-2020 21:00:00.224 情報 [main] org.apache.catalina.startup.VersionLoggerListener.log コマンドライン引数：-Dignore.endorsed.dirs=
10-Apr-2020 21:00:00.224 情報 [main] org.apache.catalina.startup.VersionLoggerListener.log コマンドライン引数：-Dcatalina.base=/Users/nanami773/Desktop/apache-tomcat-9.0.34
10-Apr-2020 21:00:00.224 情報 [main] org.apache.catalina.startup.VersionLoggerListener.log コマンドライン引数：-Dcatalina.home=/Users/nanami773/Desktop/apache-tomcat-9.0.34
10-Apr-2020 21:00:00.225 情報 [main] org.apache.catalina.startup.VersionLoggerListener.log コマンドライン引数：-Djava.io.tmpdir=/Users/nanami773/Desktop/apache-tomcat-9.0.34/temp
10-Apr-2020 21:00:00.225 情報 [main] org.apache.catalina.core.AprLifecycleListener.lifecycleEvent 商用環境に最適な性能を発揮する APR ベースの Tomcat ネイティブライブラリが java.library.path [/Users/nanami773/Library/Java/Extensions:/Library/Java/Extensions:/Network/Library/Java/Extensions:/System/Library/Java/Extensions:/usr/lib/java:.] に存在しません。
10-Apr-2020 21:00:00.595 情報 [main] org.apache.coyote.AbstractProtocol.init プロトコルハンドラ ["http-nio-8080"] を初期化します。
10-Apr-2020 21:00:00.682 情報 [main] org.apache.catalina.startup.Catalina.load サーバーの初期化 [839]ms
10-Apr-2020 21:00:00.748 情報 [main] org.apache.catalina.core.StandardService.startInternal サービス [Catalina] を起動します
10-Apr-2020 21:00:00.749 情報 [main] org.apache.catalina.core.StandardEngine.startInternal サーブレットエンジンの起動：[Apache Tomcat/9.0.34]
10-Apr-2020 21:00:00.773 情報 [main] org.apache.catalina.startup.HostConfig.deployWAR Webアプリケーションアーカイブ [/Users/nanami773/Desktop/apache-tomcat-9.0.34/webapps/first-web-app.war] を配備します
10-Apr-2020 21:00:01.589 情報 [main] org.apache.catalina.startup.HostConfig.deployWAR Web アプリケーションアーカイブ [/Users/nanami773/Desktop/apache-tomcat-9.0.34/webapps/first-web-app.war] の配置は [816] ms で完了しました。
10-Apr-2020 21:00:01.591 情報 [main] org.apache.catalina.startup.HostConfig.deployDirectory Webアプリケーションディレクトリ [/Users/nanami773/Desktop/apache-tomcat-9.0.34/webapps/docs] を配備します
10-Apr-2020 21:00:01.627 情報 [main] org.apache.catalina.startup.HostConfig.deployDirectory ディレクトリ [/Users/nanami773/Desktop/apache-tomcat-9.0.34/webapps/docs] の Web アプリケーションの配置は [36] ms で完了しました。
10-Apr-2020 21:00:01.627 情報 [main] org.apache.catalina.startup.HostConfig.deployDirectory Webアプリケーションディレクトリ [/Users/nanami773/Desktop/apache-tomcat-9.0.34/webapps/manager] を配備します
10-Apr-2020 21:00:01.699 情報 [main] org.apache.catalina.startup.HostConfig.deployDirectory ディレクトリ [/Users/nanami773/Desktop/apache-tomcat-9.0.34/webapps/manager] の Web アプリケーションの配置は [72] ms で完了しました。
10-Apr-2020 21:00:01.700 情報 [main] org.apache.catalina.startup.HostConfig.deployDirectory Webアプリケーションディレクトリ [/Users/nanami773/Desktop/apache-tomcat-9.0.34/webapps/examples] を配備します
10-Apr-2020 21:00:02.216 情報 [main] org.apache.catalina.startup.HostConfig.deployDirectory ディレクトリ [/Users/nanami773/Desktop/apache-tomcat-9.0.34/webapps/examples] の Web アプリケーションの配置は [516] ms で完了しました。
10-Apr-2020 21:00:02.217 情報 [main] org.apache.catalina.startup.HostConfig.deployDirectory Webアプリケーションディレクトリ [/Users/nanami773/Desktop/apache-tomcat-9.0.34/webapps/ROOT] を配備します
10-Apr-2020 21:00:02.243 情報 [main] org.apache.catalina.startup.HostConfig.deployDirectory ディレクトリ [/Users/nanami773/Desktop/apache-tomcat-9.0.34/webapps/ROOT] の Web アプリケーションの配置は [27] ms で完了しました。
10-Apr-2020 21:00:02.244 情報 [main] org.apache.catalina.startup.HostConfig.deployDirectory Webアプリケーションディレクトリ [/Users/nanami773/Desktop/apache-tomcat-9.0.34/webapps/host-manager] を配備します
10-Apr-2020 21:00:02.294 情報 [main] org.apache.catalina.startup.HostConfig.deployDirectory ディレクトリ [/Users/nanami773/Desktop/apache-tomcat-9.0.34/webapps/host-manager] の Web アプリケーションの配置は [49] ms で完了しました。
10-Apr-2020 21:00:02.302 情報 [main] org.apache.coyote.AbstractProtocol.start プロトコルハンドラー ["http-nio-8080"] を開始しました。
10-Apr-2020 21:00:02.323 情報 [main] org.apache.catalina.startup.Catalina.start サーバーの起動 [1,640]ms
10-Apr-2020 21:00:54.938 情報 [main] org.apache.catalina.core.StandardServer.await 有効なシャットダウンコマンドがシャットダウンポート経由で受信されました。 サーバーインスタンスを停止します。
10-Apr-2020 21:00:54.939 情報 [main] org.apache.coyote.AbstractProtocol.pause ProtocolHandler ["http-nio-8080"] を一時停止します。
10-Apr-2020 21:00:54.945 情報 [main] org.apache.catalina.core.StandardService.stopInternal サービス [Catalina] を停止します
10-Apr-2020 21:00:54.992 情報 [main] org.apache.coyote.AbstractProtocol.stop ProtocolHandler ["http-nio-8080"]の停止中
10-Apr-2020 21:00:54.996 情報 [main] org.apache.coyote.AbstractProtocol.destroy ProtocolHandler ["http-nio-8080"] を破棄します。
10-Apr-2020 21:00:57.852 情報 [main] org.apache.catalina.startup.VersionLoggerListener.log Serverのバージョン名：Apache Tomcat/9.0.34
10-Apr-2020 21:00:57.857 情報 [main] org.apache.catalina.startup.VersionLoggerListener.log Server ビルド:          Apr 3 2020 12:02:52 UTC
10-Apr-2020 21:00:57.858 情報 [main] org.apache.catalina.startup.VersionLoggerListener.log サーバーのバージョン番号：9.0.34.0
10-Apr-2020 21:00:57.858 情報 [main] org.apache.catalina.startup.VersionLoggerListener.log OS 名:               Mac OS X
10-Apr-2020 21:00:57.858 情報 [main] org.apache.catalina.startup.VersionLoggerListener.log OS バージョン:            10.14.5
10-Apr-2020 21:00:57.859 情報 [main] org.apache.catalina.startup.VersionLoggerListener.log アーキテクチャ:          x86_64
10-Apr-2020 21:00:57.860 情報 [main] org.apache.catalina.startup.VersionLoggerListener.log Java Home:             /Library/Java/JavaVirtualMachines/jdk-14.jdk/Contents/Home
10-Apr-2020 21:00:57.860 情報 [main] org.apache.catalina.startup.VersionLoggerListener.log JVM バージョン:           14+36-1461
10-Apr-2020 21:00:57.860 情報 [main] org.apache.catalina.startup.VersionLoggerListener.log JVM ベンダ：            Oracle Corporation
10-Apr-2020 21:00:57.861 情報 [main] org.apache.catalina.startup.VersionLoggerListener.log CATALINA_BASE:         /Users/nanami773/Desktop/apache-tomcat-9.0.34
10-Apr-2020 21:00:57.861 情報 [main] org.apache.catalina.startup.VersionLoggerListener.log CATALINA_HOME:         /Users/nanami773/Desktop/apache-tomcat-9.0.34
10-Apr-2020 21:00:57.883 情報 [main] org.apache.catalina.startup.VersionLoggerListener.log コマンドライン引数：--add-opens=java.base/java.lang=ALL-UNNAMED
10-Apr-2020 21:00:57.883 情報 [main] org.apache.catalina.startup.VersionLoggerListener.log コマンドライン引数：--add-opens=java.base/java.io=ALL-UNNAMED
10-Apr-2020 21:00:57.884 情報 [main] org.apache.catalina.startup.VersionLoggerListener.log コマンドライン引数：--add-opens=java.rmi/sun.rmi.transport=ALL-UNNAMED
10-Apr-2020 21:00:57.884 情報 [main] org.apache.catalina.startup.VersionLoggerListener.log コマンドライン引数：-Djava.util.logging.config.file=/Users/nanami773/Desktop/apache-tomcat-9.0.34/conf/logging.properties
10-Apr-2020 21:00:57.884 情報 [main] org.apache.catalina.startup.VersionLoggerListener.log コマンドライン引数：-Djava.util.logging.manager=org.apache.juli.ClassLoaderLogManager
10-Apr-2020 21:00:57.884 情報 [main] org.apache.catalina.startup.VersionLoggerListener.log コマンドライン引数：-Djdk.tls.ephemeralDHKeySize=2048
10-Apr-2020 21:00:57.886 情報 [main] org.apache.catalina.startup.VersionLoggerListener.log コマンドライン引数：-Djava.protocol.handler.pkgs=org.apache.catalina.webresources
10-Apr-2020 21:00:57.886 情報 [main] org.apache.catalina.startup.VersionLoggerListener.log コマンドライン引数：-Dorg.apache.catalina.security.SecurityListener.UMASK=0027
10-Apr-2020 21:00:57.886 情報 [main] org.apache.catalina.startup.VersionLoggerListener.log コマンドライン引数：-Dignore.endorsed.dirs=
10-Apr-2020 21:00:57.887 情報 [main] org.apache.catalina.startup.VersionLoggerListener.log コマンドライン引数：-Dcatalina.base=/Users/nanami773/Desktop/apache-tomcat-9.0.34
10-Apr-2020 21:00:57.887 情報 [main] org.apache.catalina.startup.VersionLoggerListener.log コマンドライン引数：-Dcatalina.home=/Users/nanami773/Desktop/apache-tomcat-9.0.34
10-Apr-2020 21:00:57.887 情報 [main] org.apache.catalina.startup.VersionLoggerListener.log コマンドライン引数：-Djava.io.tmpdir=/Users/nanami773/Desktop/apache-tomcat-9.0.34/temp
10-Apr-2020 21:00:57.887 情報 [main] org.apache.catalina.core.AprLifecycleListener.lifecycleEvent 商用環境に最適な性能を発揮する APR ベースの Tomcat ネイティブライブラリが java.library.path [/Users/nanami773/Library/Java/Extensions:/Library/Java/Extensions:/Network/Library/Java/Extensions:/System/Library/Java/Extensions:/usr/lib/java:.] に存在しません。
10-Apr-2020 21:00:58.279 情報 [main] org.apache.coyote.AbstractProtocol.init プロトコルハンドラ ["http-nio-8080"] を初期化します。
10-Apr-2020 21:00:58.360 情報 [main] org.apache.catalina.startup.Catalina.load サーバーの初期化 [798]ms
10-Apr-2020 21:00:58.455 情報 [main] org.apache.catalina.core.StandardService.startInternal サービス [Catalina] を起動します
10-Apr-2020 21:00:58.456 情報 [main] org.apache.catalina.core.StandardEngine.startInternal サーブレットエンジンの起動：[Apache Tomcat/9.0.34]
10-Apr-2020 21:00:58.487 情報 [main] org.apache.catalina.startup.HostConfig.deployWAR Webアプリケーションアーカイブ [/Users/nanami773/Desktop/apache-tomcat-9.0.34/webapps/first-web-app.war] を配備します
10-Apr-2020 21:00:58.904 情報 [main] org.apache.catalina.startup.HostConfig.deployWAR Web アプリケーションアーカイブ [/Users/nanami773/Desktop/apache-tomcat-9.0.34/webapps/first-web-app.war] の配置は [417] ms で完了しました。
10-Apr-2020 21:00:58.906 情報 [main] org.apache.catalina.startup.HostConfig.deployDirectory Webアプリケーションディレクトリ [/Users/nanami773/Desktop/apache-tomcat-9.0.34/webapps/docs] を配備します
10-Apr-2020 21:00:58.948 情報 [main] org.apache.catalina.startup.HostConfig.deployDirectory ディレクトリ [/Users/nanami773/Desktop/apache-tomcat-9.0.34/webapps/docs] の Web アプリケーションの配置は [41] ms で完了しました。
10-Apr-2020 21:00:58.948 情報 [main] org.apache.catalina.startup.HostConfig.deployDirectory Webアプリケーションディレクトリ [/Users/nanami773/Desktop/apache-tomcat-9.0.34/webapps/manager] を配備します
10-Apr-2020 21:00:59.015 情報 [main] org.apache.catalina.startup.HostConfig.deployDirectory ディレクトリ [/Users/nanami773/Desktop/apache-tomcat-9.0.34/webapps/manager] の Web アプリケーションの配置は [67] ms で完了しました。
10-Apr-2020 21:00:59.016 情報 [main] org.apache.catalina.startup.HostConfig.deployDirectory Webアプリケーションディレクトリ [/Users/nanami773/Desktop/apache-tomcat-9.0.34/webapps/examples] を配備します
10-Apr-2020 21:00:59.429 情報 [main] org.apache.catalina.startup.HostConfig.deployDirectory ディレクトリ [/Users/nanami773/Desktop/apache-tomcat-9.0.34/webapps/examples] の Web アプリケーションの配置は [413] ms で完了しました。
10-Apr-2020 21:00:59.429 情報 [main] org.apache.catalina.startup.HostConfig.deployDirectory Webアプリケーションディレクトリ [/Users/nanami773/Desktop/apache-tomcat-9.0.34/webapps/ROOT] を配備します
10-Apr-2020 21:00:59.453 情報 [main] org.apache.catalina.startup.HostConfig.deployDirectory ディレクトリ [/Users/nanami773/Desktop/apache-tomcat-9.0.34/webapps/ROOT] の Web アプリケーションの配置は [24] ms で完了しました。
10-Apr-2020 21:00:59.454 情報 [main] org.apache.catalina.startup.HostConfig.deployDirectory Webアプリケーションディレクトリ [/Users/nanami773/Desktop/apache-tomcat-9.0.34/webapps/host-manager] を配備します
10-Apr-2020 21:00:59.481 情報 [main] org.apache.catalina.startup.HostConfig.deployDirectory ディレクトリ [/Users/nanami773/Desktop/apache-tomcat-9.0.34/webapps/host-manager] の Web アプリケーションの配置は [26] ms で完了しました。
10-Apr-2020 21:00:59.486 情報 [main] org.apache.coyote.AbstractProtocol.start プロトコルハンドラー ["http-nio-8080"] を開始しました。
10-Apr-2020 21:00:59.496 情報 [main] org.apache.catalina.startup.Catalina.start サーバーの起動 [1,134]ms
10-Apr-2020 22:16:45.519 情報 [main] org.apache.catalina.core.StandardServer.await 有効なシャットダウンコマンドがシャットダウンポート経由で受信されました。 サーバーインスタンスを停止します。
10-Apr-2020 22:16:45.521 情報 [main] org.apache.coyote.AbstractProtocol.pause ProtocolHandler ["http-nio-8080"] を一時停止します。
10-Apr-2020 22:16:45.527 情報 [main] org.apache.catalina.core.StandardService.stopInternal サービス [Catalina] を停止します
10-Apr-2020 22:16:45.564 情報 [main] org.apache.coyote.AbstractProtocol.stop ProtocolHandler ["http-nio-8080"]の停止中
10-Apr-2020 22:16:45.567 情報 [main] org.apache.coyote.AbstractProtocol.destroy ProtocolHandler ["http-nio-8080"] を破棄します。
10-Apr-2020 22:23:13.451 情報 [main] org.apache.catalina.startup.VersionLoggerListener.log Serverのバージョン名：Apache Tomcat/9.0.34
10-Apr-2020 22:23:13.456 情報 [main] org.apache.catalina.startup.VersionLoggerListener.log Server ビルド:          Apr 3 2020 12:02:52 UTC
10-Apr-2020 22:23:13.456 情報 [main] org.apache.catalina.startup.VersionLoggerListener.log サーバーのバージョン番号：9.0.34.0
10-Apr-2020 22:23:13.456 情報 [main] org.apache.catalina.startup.VersionLoggerListener.log OS 名:               Mac OS X
10-Apr-2020 22:23:13.457 情報 [main] org.apache.catalina.startup.VersionLoggerListener.log OS バージョン:            10.14.5
10-Apr-2020 22:23:13.457 情報 [main] org.apache.catalina.startup.VersionLoggerListener.log アーキテクチャ:          x86_64
10-Apr-2020 22:23:13.457 情報 [main] org.apache.catalina.startup.VersionLoggerListener.log Java Home:             /Library/Java/JavaVirtualMachines/jdk-14.jdk/Contents/Home
10-Apr-2020 22:23:13.458 情報 [main] org.apache.catalina.startup.VersionLoggerListener.log JVM バージョン:           14+36-1461
10-Apr-2020 22:23:13.458 情報 [main] org.apache.catalina.startup.VersionLoggerListener.log JVM ベンダ：            Oracle Corporation
10-Apr-2020 22:23:13.458 情報 [main] org.apache.catalina.startup.VersionLoggerListener.log CATALINA_BASE:         /Users/nanami773/Desktop/apache-tomcat-9.0.34
10-Apr-2020 22:23:13.458 情報 [main] org.apache.catalina.startup.VersionLoggerListener.log CATALINA_HOME:         /Users/nanami773/Desktop/apache-tomcat-9.0.34
10-Apr-2020 22:23:13.482 情報 [main] org.apache.catalina.startup.VersionLoggerListener.log コマンドライン引数：--add-opens=java.base/java.lang=ALL-UNNAMED
10-Apr-2020 22:23:13.483 情報 [main] org.apache.catalina.startup.VersionLoggerListener.log コマンドライン引数：--add-opens=java.base/java.io=ALL-UNNAMED
10-Apr-2020 22:23:13.483 情報 [main] org.apache.catalina.startup.VersionLoggerListener.log コマンドライン引数：--add-opens=java.rmi/sun.rmi.transport=ALL-UNNAMED
10-Apr-2020 22:23:13.483 情報 [main] org.apache.catalina.startup.VersionLoggerListener.log コマンドライン引数：-Djava.util.logging.config.file=/Users/nanami773/Desktop/apache-tomcat-9.0.34/conf/logging.properties
10-Apr-2020 22:23:13.484 情報 [main] org.apache.catalina.startup.VersionLoggerListener.log コマンドライン引数：-Djava.util.logging.manager=org.apache.juli.ClassLoaderLogManager
10-Apr-2020 22:23:13.484 情報 [main] org.apache.catalina.startup.VersionLoggerListener.log コマンドライン引数：-Djdk.tls.ephemeralDHKeySize=2048
10-Apr-2020 22:23:13.484 情報 [main] org.apache.catalina.startup.VersionLoggerListener.log コマンドライン引数：-Djava.protocol.handler.pkgs=org.apache.catalina.webresources
10-Apr-2020 22:23:13.485 情報 [main] org.apache.catalina.startup.VersionLoggerListener.log コマンドライン引数：-Dorg.apache.catalina.security.SecurityListener.UMASK=0027
10-Apr-2020 22:23:13.485 情報 [main] org.apache.catalina.startup.VersionLoggerListener.log コマンドライン引数：-Dignore.endorsed.dirs=
10-Apr-2020 22:23:13.485 情報 [main] org.apache.catalina.startup.VersionLoggerListener.log コマンドライン引数：-Dcatalina.base=/Users/nanami773/Desktop/apache-tomcat-9.0.34
10-Apr-2020 22:23:13.485 情報 [main] org.apache.catalina.startup.VersionLoggerListener.log コマンドライン引数：-Dcatalina.home=/Users/nanami773/Desktop/apache-tomcat-9.0.34
10-Apr-2020 22:23:13.486 情報 [main] org.apache.catalina.startup.VersionLoggerListener.log コマンドライン引数：-Djava.io.tmpdir=/Users/nanami773/Desktop/apache-tomcat-9.0.34/temp
10-Apr-2020 22:23:13.486 情報 [main] org.apache.catalina.core.AprLifecycleListener.lifecycleEvent 商用環境に最適な性能を発揮する APR ベースの Tomcat ネイティブライブラリが java.library.path [/Users/nanami773/Library/Java/Extensions:/Library/Java/Extensions:/Network/Library/Java/Extensions:/System/Library/Java/Extensions:/usr/lib/java:.] に存在しません。
10-Apr-2020 22:23:13.810 情報 [main] org.apache.coyote.AbstractProtocol.init プロトコルハンドラ ["http-nio-8080"] を初期化します。
10-Apr-2020 22:23:13.872 情報 [main] org.apache.catalina.startup.Catalina.load サーバーの初期化 [712]ms
10-Apr-2020 22:23:13.934 情報 [main] org.apache.catalina.core.StandardService.startInternal サービス [Catalina] を起動します
10-Apr-2020 22:23:13.934 情報 [main] org.apache.catalina.core.StandardEngine.startInternal サーブレットエンジンの起動：[Apache Tomcat/9.0.34]
10-Apr-2020 22:23:13.953 情報 [main] org.apache.catalina.startup.HostConfig.deployWAR Webアプリケーションアーカイブ [/Users/nanami773/Desktop/apache-tomcat-9.0.34/webapps/first-web-app.war] を配備します
10-Apr-2020 22:23:14.314 情報 [main] org.apache.catalina.startup.HostConfig.deployWAR Web アプリケーションアーカイブ [/Users/nanami773/Desktop/apache-tomcat-9.0.34/webapps/first-web-app.war] の配置は [361] ms で完了しました。
10-Apr-2020 22:23:14.315 情報 [main] org.apache.catalina.startup.HostConfig.deployDirectory Webアプリケーションディレクトリ [/Users/nanami773/Desktop/apache-tomcat-9.0.34/webapps/docs] を配備します
10-Apr-2020 22:23:14.341 情報 [main] org.apache.catalina.startup.HostConfig.deployDirectory ディレクトリ [/Users/nanami773/Desktop/apache-tomcat-9.0.34/webapps/docs] の Web アプリケーションの配置は [26] ms で完了しました。
10-Apr-2020 22:23:14.342 情報 [main] org.apache.catalina.startup.HostConfig.deployDirectory Webアプリケーションディレクトリ [/Users/nanami773/Desktop/apache-tomcat-9.0.34/webapps/manager] を配備します
10-Apr-2020 22:23:14.388 情報 [main] org.apache.catalina.startup.HostConfig.deployDirectory ディレクトリ [/Users/nanami773/Desktop/apache-tomcat-9.0.34/webapps/manager] の Web アプリケーションの配置は [46] ms で完了しました。
10-Apr-2020 22:23:14.389 情報 [main] org.apache.catalina.startup.HostConfig.deployDirectory Webアプリケーションディレクトリ [/Users/nanami773/Desktop/apache-tomcat-9.0.34/webapps/examples] を配備します
10-Apr-2020 22:23:14.809 情報 [main] org.apache.catalina.startup.HostConfig.deployDirectory ディレクトリ [/Users/nanami773/Desktop/apache-tomcat-9.0.34/webapps/examples] の Web アプリケーションの配置は [420] ms で完了しました。
10-Apr-2020 22:23:14.809 情報 [main] org.apache.catalina.startup.HostConfig.deployDirectory Webアプリケーションディレクトリ [/Users/nanami773/Desktop/apache-tomcat-9.0.34/webapps/ROOT] を配備します
10-Apr-2020 22:23:14.838 情報 [main] org.apache.catalina.startup.HostConfig.deployDirectory ディレクトリ [/Users/nanami773/Desktop/apache-tomcat-9.0.34/webapps/ROOT] の Web アプリケーションの配置は [29] ms で完了しました。
10-Apr-2020 22:23:14.839 情報 [main] org.apache.catalina.startup.HostConfig.deployDirectory Webアプリケーションディレクトリ [/Users/nanami773/Desktop/apache-tomcat-9.0.34/webapps/host-manager] を配備します
10-Apr-2020 22:23:14.875 情報 [main] org.apache.catalina.startup.HostConfig.deployDirectory ディレクトリ [/Users/nanami773/Desktop/apache-tomcat-9.0.34/webapps/host-manager] の Web アプリケーションの配置は [36] ms で完了しました。
10-Apr-2020 22:23:14.881 情報 [main] org.apache.coyote.AbstractProtocol.start プロトコルハンドラー ["http-nio-8080"] を開始しました。
10-Apr-2020 22:23:14.893 情報 [main] org.apache.catalina.startup.Catalina.start サーバーの起動 [1,020]ms
10-Apr-2020 23:54:31.989 情報 [main] org.apache.catalina.core.StandardServer.await 有効なシャットダウンコマンドがシャットダウンポート経由で受信されました。 サーバーインスタンスを停止します。
10-Apr-2020 23:54:31.992 情報 [main] org.apache.coyote.AbstractProtocol.pause ProtocolHandler ["http-nio-8080"] を一時停止します。
10-Apr-2020 23:54:31.997 情報 [main] org.apache.catalina.core.StandardService.stopInternal サービス [Catalina] を停止します
10-Apr-2020 23:54:32.035 情報 [main] org.apache.coyote.AbstractProtocol.stop ProtocolHandler ["http-nio-8080"]の停止中
10-Apr-2020 23:54:32.039 情報 [main] org.apache.coyote.AbstractProtocol.destroy ProtocolHandler ["http-nio-8080"] を破棄します。
10-Apr-2020 23:55:17.324 情報 [main] org.apache.catalina.startup.VersionLoggerListener.log Serverのバージョン名：Apache Tomcat/9.0.34
10-Apr-2020 23:55:17.329 情報 [main] org.apache.catalina.startup.VersionLoggerListener.log Server ビルド:          Apr 3 2020 12:02:52 UTC
10-Apr-2020 23:55:17.330 情報 [main] org.apache.catalina.startup.VersionLoggerListener.log サーバーのバージョン番号：9.0.34.0
10-Apr-2020 23:55:17.330 情報 [main] org.apache.catalina.startup.VersionLoggerListener.log OS 名:               Mac OS X
10-Apr-2020 23:55:17.330 情報 [main] org.apache.catalina.startup.VersionLoggerListener.log OS バージョン:            10.14.5
10-Apr-2020 23:55:17.331 情報 [main] org.apache.catalina.startup.VersionLoggerListener.log アーキテクチャ:          x86_64
10-Apr-2020 23:55:17.331 情報 [main] org.apache.catalina.startup.VersionLoggerListener.log Java Home:             /Library/Java/JavaVirtualMachines/jdk-14.jdk/Contents/Home
10-Apr-2020 23:55:17.331 情報 [main] org.apache.catalina.startup.VersionLoggerListener.log JVM バージョン:           14+36-1461
10-Apr-2020 23:55:17.332 情報 [main] org.apache.catalina.startup.VersionLoggerListener.log JVM ベンダ：            Oracle Corporation
10-Apr-2020 23:55:17.332 情報 [main] org.apache.catalina.startup.VersionLoggerListener.log CATALINA_BASE:         /Users/nanami773/Desktop/apache-tomcat-9.0.34
10-Apr-2020 23:55:17.332 情報 [main] org.apache.catalina.startup.VersionLoggerListener.log CATALINA_HOME:         /Users/nanami773/Desktop/apache-tomcat-9.0.34
10-Apr-2020 23:55:17.353 情報 [main] org.apache.catalina.startup.VersionLoggerListener.log コマンドライン引数：--add-opens=java.base/java.lang=ALL-UNNAMED
10-Apr-2020 23:55:17.354 情報 [main] org.apache.catalina.startup.VersionLoggerListener.log コマンドライン引数：--add-opens=java.base/java.io=ALL-UNNAMED
10-Apr-2020 23:55:17.354 情報 [main] org.apache.catalina.startup.VersionLoggerListener.log コマンドライン引数：--add-opens=java.rmi/sun.rmi.transport=ALL-UNNAMED
10-Apr-2020 23:55:17.354 情報 [main] org.apache.catalina.startup.VersionLoggerListener.log コマンドライン引数：-Djava.util.logging.config.file=/Users/nanami773/Desktop/apache-tomcat-9.0.34/conf/logging.properties
10-Apr-2020 23:55:17.355 情報 [main] org.apache.catalina.startup.VersionLoggerListener.log コマンドライン引数：-Djava.util.logging.manager=org.apache.juli.ClassLoaderLogManager
10-Apr-2020 23:55:17.355 情報 [main] org.apache.catalina.startup.VersionLoggerListener.log コマンドライン引数：-Djdk.tls.ephemeralDHKeySize=2048
10-Apr-2020 23:55:17.355 情報 [main] org.apache.catalina.startup.VersionLoggerListener.log コマンドライン引数：-Djava.protocol.handler.pkgs=org.apache.catalina.webresources
10-Apr-2020 23:55:17.355 情報 [main] org.apache.catalina.startup.VersionLoggerListener.log コマンドライン引数：-Dorg.apache.catalina.security.SecurityListener.UMASK=0027
10-Apr-2020 23:55:17.356 情報 [main] org.apache.catalina.startup.VersionLoggerListener.log コマンドライン引数：-Dignore.endorsed.dirs=
10-Apr-2020 23:55:17.356 情報 [main] org.apache.catalina.startup.VersionLoggerListener.log コマンドライン引数：-Dcatalina.base=/Users/nanami773/Desktop/apache-tomcat-9.0.34
10-Apr-2020 23:55:17.356 情報 [main] org.apache.catalina.startup.VersionLoggerListener.log コマンドライン引数：-Dcatalina.home=/Users/nanami773/Desktop/apache-tomcat-9.0.34
10-Apr-2020 23:55:17.356 情報 [main] org.apache.catalina.startup.VersionLoggerListener.log コマンドライン引数：-Djava.io.tmpdir=/Users/nanami773/Desktop/apache-tomcat-9.0.34/temp
10-Apr-2020 23:55:17.356 情報 [main] org.apache.catalina.core.AprLifecycleListener.lifecycleEvent 商用環境に最適な性能を発揮する APR ベースの Tomcat ネイティブライブラリが java.library.path [/Users/nanami773/Library/Java/Extensions:/Library/Java/Extensions:/Network/Library/Java/Extensions:/System/Library/Java/Extensions:/usr/lib/java:.] に存在しません。
10-Apr-2020 23:55:17.700 情報 [main] org.apache.coyote.AbstractProtocol.init プロトコルハンドラ ["http-nio-8080"] を初期化します。
10-Apr-2020 23:55:17.767 情報 [main] org.apache.catalina.startup.Catalina.load サーバーの初期化 [751]ms
10-Apr-2020 23:55:17.821 情報 [main] org.apache.catalina.core.StandardService.startInternal サービス [Catalina] を起動します
10-Apr-2020 23:55:17.821 情報 [main] org.apache.catalina.core.StandardEngine.startInternal サーブレットエンジンの起動：[Apache Tomcat/9.0.34]
10-Apr-2020 23:55:17.840 情報 [main] org.apache.catalina.startup.HostConfig.deployWAR Webアプリケーションアーカイブ [/Users/nanami773/Desktop/apache-tomcat-9.0.34/webapps/first-web-app.war] を配備します
10-Apr-2020 23:55:18.175 情報 [main] org.apache.catalina.startup.HostConfig.deployWAR Web アプリケーションアーカイブ [/Users/nanami773/Desktop/apache-tomcat-9.0.34/webapps/first-web-app.war] の配置は [334] ms で完了しました。
10-Apr-2020 23:55:18.175 情報 [main] org.apache.catalina.startup.HostConfig.deployDirectory Webアプリケーションディレクトリ [/Users/nanami773/Desktop/apache-tomcat-9.0.34/webapps/docs] を配備します
10-Apr-2020 23:55:18.201 情報 [main] org.apache.catalina.startup.HostConfig.deployDirectory ディレクトリ [/Users/nanami773/Desktop/apache-tomcat-9.0.34/webapps/docs] の Web アプリケーションの配置は [26] ms で完了しました。
10-Apr-2020 23:55:18.202 情報 [main] org.apache.catalina.startup.HostConfig.deployDirectory Webアプリケーションディレクトリ [/Users/nanami773/Desktop/apache-tomcat-9.0.34/webapps/manager] を配備します
10-Apr-2020 23:55:18.250 情報 [main] org.apache.catalina.startup.HostConfig.deployDirectory ディレクトリ [/Users/nanami773/Desktop/apache-tomcat-9.0.34/webapps/manager] の Web アプリケーションの配置は [47] ms で完了しました。
10-Apr-2020 23:55:18.250 情報 [main] org.apache.catalina.startup.HostConfig.deployDirectory Webアプリケーションディレクトリ [/Users/nanami773/Desktop/apache-tomcat-9.0.34/webapps/examples] を配備します
10-Apr-2020 23:55:18.548 情報 [main] org.apache.catalina.startup.HostConfig.deployDirectory ディレクトリ [/Users/nanami773/Desktop/apache-tomcat-9.0.34/webapps/examples] の Web アプリケーションの配置は [297] ms で完了しました。
10-Apr-2020 23:55:18.548 情報 [main] org.apache.catalina.startup.HostConfig.deployDirectory Webアプリケーションディレクトリ [/Users/nanami773/Desktop/apache-tomcat-9.0.34/webapps/ROOT] を配備します
10-Apr-2020 23:55:18.572 情報 [main] org.apache.catalina.startup.HostConfig.deployDirectory ディレクトリ [/Users/nanami773/Desktop/apache-tomcat-9.0.34/webapps/ROOT] の Web アプリケーションの配置は [23] ms で完了しました。
10-Apr-2020 23:55:18.572 情報 [main] org.apache.catalina.startup.HostConfig.deployDirectory Webアプリケーションディレクトリ [/Users/nanami773/Desktop/apache-tomcat-9.0.34/webapps/host-manager] を配備します
10-Apr-2020 23:55:18.600 情報 [main] org.apache.catalina.startup.HostConfig.deployDirectory ディレクトリ [/Users/nanami773/Desktop/apache-tomcat-9.0.34/webapps/host-manager] の Web アプリケーションの配置は [28] ms で完了しました。
10-Apr-2020 23:55:18.606 情報 [main] org.apache.coyote.AbstractProtocol.start プロトコルハンドラー ["http-nio-8080"] を開始しました。
10-Apr-2020 23:55:18.616 情報 [main] org.apache.catalina.startup.Catalina.start サーバーの起動 [849]ms
10-Apr-2020 23:57:29.183 情報 [Catalina-utility-2] org.apache.catalina.startup.HostConfig.undeploy コンテキストパス [/first-web-app] のWebアプリケーションの配備を解除します
10-Apr-2020 23:57:39.238 情報 [Catalina-utility-2] org.apache.catalina.startup.HostConfig.deployWAR Webアプリケーションアーカイブ [/Users/nanami773/Desktop/apache-tomcat-9.0.34/webapps/first-web-app.war] を配備します
10-Apr-2020 23:57:39.279 情報 [Catalina-utility-2] org.apache.catalina.startup.HostConfig.deployWAR Web アプリケーションアーカイブ [/Users/nanami773/Desktop/apache-tomcat-9.0.34/webapps/first-web-app.war] の配置は [41] ms で完了しました。
10-Apr-2020 23:59:10.786 情報 [main] org.apache.catalina.core.StandardServer.await 有効なシャットダウンコマンドがシャットダウンポート経由で受信されました。 サーバーインスタンスを停止します。
10-Apr-2020 23:59:10.786 情報 [main] org.apache.coyote.AbstractProtocol.pause ProtocolHandler ["http-nio-8080"] を一時停止します。
10-Apr-2020 23:59:10.793 情報 [main] org.apache.catalina.core.StandardService.stopInternal サービス [Catalina] を停止します
10-Apr-2020 23:59:10.822 情報 [main] org.apache.coyote.AbstractProtocol.stop ProtocolHandler ["http-nio-8080"]の停止中
10-Apr-2020 23:59:10.825 情報 [main] org.apache.coyote.AbstractProtocol.destroy ProtocolHandler ["http-nio-8080"] を破棄します。
10-Apr-2020 23:59:43.369 情報 [main] org.apache.catalina.startup.VersionLoggerListener.log Serverのバージョン名：Apache Tomcat/9.0.34
10-Apr-2020 23:59:43.375 情報 [main] org.apache.catalina.startup.VersionLoggerListener.log Server ビルド:          Apr 3 2020 12:02:52 UTC
10-Apr-2020 23:59:43.375 情報 [main] org.apache.catalina.startup.VersionLoggerListener.log サーバーのバージョン番号：9.0.34.0
10-Apr-2020 23:59:43.375 情報 [main] org.apache.catalina.startup.VersionLoggerListener.log OS 名:               Mac OS X
10-Apr-2020 23:59:43.376 情報 [main] org.apache.catalina.startup.VersionLoggerListener.log OS バージョン:            10.14.5
10-Apr-2020 23:59:43.376 情報 [main] org.apache.catalina.startup.VersionLoggerListener.log アーキテクチャ:          x86_64
10-Apr-2020 23:59:43.376 情報 [main] org.apache.catalina.startup.VersionLoggerListener.log Java Home:             /Library/Java/JavaVirtualMachines/jdk-14.jdk/Contents/Home
10-Apr-2020 23:59:43.376 情報 [main] org.apache.catalina.startup.VersionLoggerListener.log JVM バージョン:           14+36-1461
10-Apr-2020 23:59:43.377 情報 [main] org.apache.catalina.startup.VersionLoggerListener.log JVM ベンダ：            Oracle Corporation
10-Apr-2020 23:59:43.377 情報 [main] org.apache.catalina.startup.VersionLoggerListener.log CATALINA_BASE:         /Users/nanami773/Desktop/apache-tomcat-9.0.34
10-Apr-2020 23:59:43.377 情報 [main] org.apache.catalina.startup.VersionLoggerListener.log CATALINA_HOME:         /Users/nanami773/Desktop/apache-tomcat-9.0.34
10-Apr-2020 23:59:43.400 情報 [main] org.apache.catalina.startup.VersionLoggerListener.log コマンドライン引数：--add-opens=java.base/java.lang=ALL-UNNAMED
10-Apr-2020 23:59:43.400 情報 [main] org.apache.catalina.startup.VersionLoggerListener.log コマンドライン引数：--add-opens=java.base/java.io=ALL-UNNAMED
10-Apr-2020 23:59:43.401 情報 [main] org.apache.catalina.startup.VersionLoggerListener.log コマンドライン引数：--add-opens=java.rmi/sun.rmi.transport=ALL-UNNAMED
10-Apr-2020 23:59:43.401 情報 [main] org.apache.catalina.startup.VersionLoggerListener.log コマンドライン引数：-Djava.util.logging.config.file=/Users/nanami773/Desktop/apache-tomcat-9.0.34/conf/logging.properties
10-Apr-2020 23:59:43.401 情報 [main] org.apache.catalina.startup.VersionLoggerListener.log コマンドライン引数：-Djava.util.logging.manager=org.apache.juli.ClassLoaderLogManager
10-Apr-2020 23:59:43.402 情報 [main] org.apache.catalina.startup.VersionLoggerListener.log コマンドライン引数：-Djdk.tls.ephemeralDHKeySize=2048
10-Apr-2020 23:59:43.402 情報 [main] org.apache.catalina.startup.VersionLoggerListener.log コマンドライン引数：-Djava.protocol.handler.pkgs=org.apache.catalina.webresources
10-Apr-2020 23:59:43.402 情報 [main] org.apache.catalina.startup.VersionLoggerListener.log コマンドライン引数：-Dorg.apache.catalina.security.SecurityListener.UMASK=0027
10-Apr-2020 23:59:43.402 情報 [main] org.apache.catalina.startup.VersionLoggerListener.log コマンドライン引数：-Dignore.endorsed.dirs=
10-Apr-2020 23:59:43.402 情報 [main] org.apache.catalina.startup.VersionLoggerListener.log コマンドライン引数：-Dcatalina.base=/Users/nanami773/Desktop/apache-tomcat-9.0.34
10-Apr-2020 23:59:43.403 情報 [main] org.apache.catalina.startup.VersionLoggerListener.log コマンドライン引数：-Dcatalina.home=/Users/nanami773/Desktop/apache-tomcat-9.0.34
10-Apr-2020 23:59:43.403 情報 [main] org.apache.catalina.startup.VersionLoggerListener.log コマンドライン引数：-Djava.io.tmpdir=/Users/nanami773/Desktop/apache-tomcat-9.0.34/temp
10-Apr-2020 23:59:43.403 情報 [main] org.apache.catalina.core.AprLifecycleListener.lifecycleEvent 商用環境に最適な性能を発揮する APR ベースの Tomcat ネイティブライブラリが java.library.path [/Users/nanami773/Library/Java/Extensions:/Library/Java/Extensions:/Network/Library/Java/Extensions:/System/Library/Java/Extensions:/usr/lib/java:.] に存在しません。
10-Apr-2020 23:59:43.725 情報 [main] org.apache.coyote.AbstractProtocol.init プロトコルハンドラ ["http-nio-8080"] を初期化します。
10-Apr-2020 23:59:43.780 情報 [main] org.apache.catalina.startup.Catalina.load サーバーの初期化 [698]ms
10-Apr-2020 23:59:43.848 情報 [main] org.apache.catalina.core.StandardService.startInternal サービス [Catalina] を起動します
10-Apr-2020 23:59:43.849 情報 [main] org.apache.catalina.core.StandardEngine.startInternal サーブレットエンジンの起動：[Apache Tomcat/9.0.34]
10-Apr-2020 23:59:43.865 情報 [main] org.apache.catalina.startup.HostConfig.deployWAR Webアプリケーションアーカイブ [/Users/nanami773/Desktop/apache-tomcat-9.0.34/webapps/first-web-app.war] を配備します
10-Apr-2020 23:59:44.215 情報 [main] org.apache.catalina.startup.HostConfig.deployWAR Web アプリケーションアーカイブ [/Users/nanami773/Desktop/apache-tomcat-9.0.34/webapps/first-web-app.war] の配置は [350] ms で完了しました。
10-Apr-2020 23:59:44.216 情報 [main] org.apache.catalina.startup.HostConfig.deployDirectory Webアプリケーションディレクトリ [/Users/nanami773/Desktop/apache-tomcat-9.0.34/webapps/docs] を配備します
10-Apr-2020 23:59:44.242 情報 [main] org.apache.catalina.startup.HostConfig.deployDirectory ディレクトリ [/Users/nanami773/Desktop/apache-tomcat-9.0.34/webapps/docs] の Web アプリケーションの配置は [26] ms で完了しました。
10-Apr-2020 23:59:44.243 情報 [main] org.apache.catalina.startup.HostConfig.deployDirectory Webアプリケーションディレクトリ [/Users/nanami773/Desktop/apache-tomcat-9.0.34/webapps/manager] を配備します
10-Apr-2020 23:59:44.292 情報 [main] org.apache.catalina.startup.HostConfig.deployDirectory ディレクトリ [/Users/nanami773/Desktop/apache-tomcat-9.0.34/webapps/manager] の Web アプリケーションの配置は [49] ms で完了しました。
10-Apr-2020 23:59:44.293 情報 [main] org.apache.catalina.startup.HostConfig.deployDirectory Webアプリケーションディレクトリ [/Users/nanami773/Desktop/apache-tomcat-9.0.34/webapps/examples] を配備します
10-Apr-2020 23:59:44.579 情報 [main] org.apache.catalina.startup.HostConfig.deployDirectory ディレクトリ [/Users/nanami773/Desktop/apache-tomcat-9.0.34/webapps/examples] の Web アプリケーションの配置は [285] ms で完了しました。
10-Apr-2020 23:59:44.579 情報 [main] org.apache.catalina.startup.HostConfig.deployDirectory Webアプリケーションディレクトリ [/Users/nanami773/Desktop/apache-tomcat-9.0.34/webapps/ROOT] を配備します
10-Apr-2020 23:59:44.603 情報 [main] org.apache.catalina.startup.HostConfig.deployDirectory ディレクトリ [/Users/nanami773/Desktop/apache-tomcat-9.0.34/webapps/ROOT] の Web アプリケーションの配置は [24] ms で完了しました。
10-Apr-2020 23:59:44.604 情報 [main] org.apache.catalina.startup.HostConfig.deployDirectory Webアプリケーションディレクトリ [/Users/nanami773/Desktop/apache-tomcat-9.0.34/webapps/host-manager] を配備します
10-Apr-2020 23:59:44.635 情報 [main] org.apache.catalina.startup.HostConfig.deployDirectory ディレクトリ [/Users/nanami773/Desktop/apache-tomcat-9.0.34/webapps/host-manager] の Web アプリケーションの配置は [31] ms で完了しました。
10-Apr-2020 23:59:44.640 情報 [main] org.apache.coyote.AbstractProtocol.start プロトコルハンドラー ["http-nio-8080"] を開始しました。
10-Apr-2020 23:59:44.651 情報 [main] org.apache.catalina.startup.Catalina.start サーバーの起動 [870]ms
